<?xml version="1.0" encoding="UTF-8"?>
<testng-results ignored="0" total="19" passed="0" failed="1" skipped="18">
  <reporter-output>
  </reporter-output>
  <suite started-at="2023-03-12T13:38:10 EDT" name="Default suite" finished-at="2023-03-12T13:38:36 EDT" duration-ms="26471">
    <groups>
    </groups>
    <test started-at="2023-03-12T13:38:10 EDT" name="Default test" finished-at="2023-03-12T13:38:36 EDT" duration-ms="26471">
      <class name="planbox.maven.AppTest">
        <test-method is-config="true" signature="setUp()[pri:0, instance:planbox.maven.AppTest@7161d8d1]" started-at="2023-03-12T13:38:10 EDT" name="setUp" finished-at="2023-03-12T13:38:12 EDT" duration-ms="2014" status="PASS">
          <reporter-output>
          </reporter-output>
        </test-method> <!-- setUp -->
        <test-method signature="main(java.lang.String,java.lang.String,java.lang.String,java.lang.String,java.lang.String,java.lang.String)[pri:1, instance:planbox.maven.AppTest@7161d8d1]" started-at="2023-03-12T13:38:12 EDT" name="main" data-provider="URLS" finished-at="2023-03-12T13:38:36 EDT" duration-ms="23797" status="FAIL">
          <params>
            <param index="0">
              <value>
                <![CDATA[http://cargill.planbox.com/default/Login?signInWithSecretKey=true]]>
              </value>
            </param>
            <param index="1">
              <value>
                <![CDATA[1e7b79e5bf5c471493378ffaafa5e7ce:N3F7L0oqziGFNek1wxQF4wQToHhl7doShoHEeP7DMeLoUtEHs43MIlrdTk81x6YqUENum2KSK3Bnk2KB7tD2FPjj7khe6dxGcSvPKvI32RISMfEW8SIICvTjQ5MK2M1H]]>
              </value>
            </param>
            <param index="2">
              <value>
                <![CDATA[http://cargill.planbox.com/default/challenges]]>
              </value>
            </param>
            <param index="3">
              <value>
                <![CDATA[http://cargill.planbox.com/default/ideas]]>
              </value>
            </param>
            <param index="4">
              <value>
                <![CDATA[http://cargill.planbox.com/default/home/homepage]]>
              </value>
            </param>
            <param index="5">
              <value>
                <![CDATA[Cargil]]>
              </value>
            </param>
          </params>
          <exception class="org.openqa.selenium.TimeoutException">
            <message>
              <![CDATA[Expected condition failed: waiting for at least one condition to be valid: visibility of element located by By.xpath: //*[@class='is-boxes'] || visibility of element located by By.xpath: //*[contains(@class, 'header-navbar')] (tried for 20 second(s) with 500 milliseconds interval)]]>
            </message>
            <full-stacktrace>
              <![CDATA[org.openqa.selenium.TimeoutException: Expected condition failed: waiting for at least one condition to be valid: visibility of element located by By.xpath: //*[@class='is-boxes'] || visibility of element located by By.xpath: //*[contains(@class, 'header-navbar')] (tried for 20 second(s) with 500 milliseconds interval)
at org.openqa.selenium.support.ui.WebDriverWait.timeoutException(WebDriverWait.java:87)
at org.openqa.selenium.support.ui.FluentWait.until(FluentWait.java:231)
at planbox.maven.AppTest.main(AppTest.java:57)
at java.base/jdk.internal.reflect.NativeMethodAccessorImpl.invoke0(Native Method)
at java.base/jdk.internal.reflect.NativeMethodAccessorImpl.invoke(NativeMethodAccessorImpl.java:77)
at java.base/jdk.internal.reflect.DelegatingMethodAccessorImpl.invoke(DelegatingMethodAccessorImpl.java:43)
at java.base/java.lang.reflect.Method.invoke(Method.java:568)
at org.testng.internal.invokers.MethodInvocationHelper.invokeMethod(MethodInvocationHelper.java:139)
at org.testng.internal.invokers.TestInvoker.invokeMethod(TestInvoker.java:677)
at org.testng.internal.invokers.TestInvoker.invokeTestMethod(TestInvoker.java:221)
at org.testng.internal.invokers.MethodRunner.runInSequence(MethodRunner.java:50)
at org.testng.internal.invokers.TestInvoker$MethodInvocationAgent.invoke(TestInvoker.java:969)
at org.testng.internal.invokers.TestInvoker.invokeTestMethods(TestInvoker.java:194)
at org.testng.internal.invokers.TestMethodWorker.invokeTestMethods(TestMethodWorker.java:148)
at org.testng.internal.invokers.TestMethodWorker.run(TestMethodWorker.java:128)
at java.base/java.util.ArrayList.forEach(ArrayList.java:1511)
at org.testng.TestRunner.privateRun(TestRunner.java:829)
at org.testng.TestRunner.run(TestRunner.java:602)
at org.testng.SuiteRunner.runTest(SuiteRunner.java:437)
at org.testng.SuiteRunner.runSequentially(SuiteRunner.java:431)
at org.testng.SuiteRunner.privateRun(SuiteRunner.java:391)
at org.testng.SuiteRunner.run(SuiteRunner.java:330)
at org.testng.SuiteRunnerWorker.runSuite(SuiteRunnerWorker.java:52)
at org.testng.SuiteRunnerWorker.run(SuiteRunnerWorker.java:95)
at org.testng.TestNG.runSuitesSequentially(TestNG.java:1256)
at org.testng.TestNG.runSuitesLocally(TestNG.java:1176)
at org.testng.TestNG.runSuites(TestNG.java:1099)
at org.testng.TestNG.run(TestNG.java:1067)
at org.testng.remote.AbstractRemoteTestNG.run(AbstractRemoteTestNG.java:115)
at org.testng.remote.RemoteTestNG.initAndRun(RemoteTestNG.java:251)
at org.testng.remote.RemoteTestNG.main(RemoteTestNG.java:77)
Caused by: org.openqa.selenium.NoSuchWindowException: no such window: target window already closed
from unknown error: web view not found
  (Session info: chrome=110.0.5481.177)
Build info: version: '4.7.2', revision: '4d4020c3b7'
System info: os.name: 'Mac OS X', os.arch: 'aarch64', os.version: '13.2.1', java.version: '17.0.3'
Driver info: org.openqa.selenium.chrome.ChromeDriver
Command: [eb827ffab403e24ce2972d790a7cc334, findElement {using=xpath, value=//*[contains(@class, 'header-navbar')]}]
Capabilities {acceptInsecureCerts: false, browserName: chrome, browserVersion: 110.0.5481.177, chrome: {chromedriverVersion: 110.0.5481.77 (65ed616c6e8e..., userDataDir: /var/folders/9v/ttfw4v0x0ng...}, goog:chromeOptions: {debuggerAddress: localhost:49633}, networkConnectionEnabled: false, pageLoadStrategy: normal, platformName: MAC, proxy: Proxy(), se:cdp: ws://localhost:49633/devtoo..., se:cdpVersion: 110.0.5481.177, setWindowRect: true, strictFileInteractability: false, timeouts: {implicit: 0, pageLoad: 300000, script: 30000}, unhandledPromptBehavior: dismiss and notify, webauthn:extension:credBlob: true, webauthn:extension:largeBlob: true, webauthn:virtualAuthenticators: true}
Session ID: eb827ffab403e24ce2972d790a7cc334
at jdk.internal.reflect.GeneratedConstructorAccessor20.newInstance(Unknown Source)
at java.base/jdk.internal.reflect.DelegatingConstructorAccessorImpl.newInstance(DelegatingConstructorAccessorImpl.java:45)
at java.base/java.lang.reflect.Constructor.newInstanceWithCaller(Constructor.java:499)
at java.base/java.lang.reflect.Constructor.newInstance(Constructor.java:480)
at org.openqa.selenium.remote.codec.w3c.W3CHttpResponseCodec.createException(W3CHttpResponseCodec.java:200)
at org.openqa.selenium.remote.codec.w3c.W3CHttpResponseCodec.decode(W3CHttpResponseCodec.java:133)
at org.openqa.selenium.remote.codec.w3c.W3CHttpResponseCodec.decode(W3CHttpResponseCodec.java:53)
at org.openqa.selenium.remote.HttpCommandExecutor.execute(HttpCommandExecutor.java:184)
at org.openqa.selenium.remote.service.DriverCommandExecutor.invokeExecute(DriverCommandExecutor.java:167)
at org.openqa.selenium.remote.service.DriverCommandExecutor.execute(DriverCommandExecutor.java:142)
at org.openqa.selenium.remote.RemoteWebDriver.execute(RemoteWebDriver.java:535)
at org.openqa.selenium.remote.ElementLocation$ElementFinder$2.findElement(ElementLocation.java:162)
at org.openqa.selenium.remote.ElementLocation.findElement(ElementLocation.java:60)
at org.openqa.selenium.remote.RemoteWebDriver.findElement(RemoteWebDriver.java:351)
at org.openqa.selenium.remote.RemoteWebDriver.findElement(RemoteWebDriver.java:343)
at org.openqa.selenium.support.ui.ExpectedConditions$7.apply(ExpectedConditions.java:197)
at org.openqa.selenium.support.ui.ExpectedConditions$7.apply(ExpectedConditions.java:193)
at org.openqa.selenium.support.ui.ExpectedConditions$49.apply(ExpectedConditions.java:1411)
at org.openqa.selenium.support.ui.ExpectedConditions$49.apply(ExpectedConditions.java:1405)
at org.openqa.selenium.support.ui.FluentWait.until(FluentWait.java:208)
... 29 more
]]>
            </full-stacktrace>
          </exception> <!-- org.openqa.selenium.TimeoutException -->
          <reporter-output>
          </reporter-output>
        </test-method> <!-- main -->
        <test-method is-config="true" signature="getResult(org.testng.ITestResult)[pri:0, instance:planbox.maven.AppTest@7161d8d1]" started-at="2023-03-12T13:38:36 EDT" name="getResult" finished-at="2023-03-12T13:38:36 EDT" duration-ms="10" status="FAIL">
          <params>
            <param index="0">
              <value>
                <![CDATA[[TestResult name=main status=FAILURE method=AppTest.main(java.lang.String,java.lang.String,java.lang.String,java.lang.String,java.lang.String,java.lang.String)[pri:1, instance:planbox.maven.AppTest@7161d8d1] output={null}]]]>
              </value>
            </param>
          </params>
          <exception class="org.openqa.selenium.NoSuchWindowException">
            <message>
              <![CDATA[no such window: target window already closed
from unknown error: web view not found
  (Session info: chrome=110.0.5481.177)
Build info: version: '4.7.2', revision: '4d4020c3b7'
System info: os.name: 'Mac OS X', os.arch: 'aarch64', os.version: '13.2.1', java.version: '17.0.3'
Driver info: org.openqa.selenium.chrome.ChromeDriver
Command: [eb827ffab403e24ce2972d790a7cc334, screenshot {}]
Capabilities {acceptInsecureCerts: false, browserName: chrome, browserVersion: 110.0.5481.177, chrome: {chromedriverVersion: 110.0.5481.77 (65ed616c6e8e..., userDataDir: /var/folders/9v/ttfw4v0x0ng...}, goog:chromeOptions: {debuggerAddress: localhost:49633}, networkConnectionEnabled: false, pageLoadStrategy: normal, platformName: MAC, proxy: Proxy(), se:cdp: ws://localhost:49633/devtoo..., se:cdpVersion: 110.0.5481.177, setWindowRect: true, strictFileInteractability: false, timeouts: {implicit: 0, pageLoad: 300000, script: 30000}, unhandledPromptBehavior: dismiss and notify, webauthn:extension:credBlob: true, webauthn:extension:largeBlob: true, webauthn:virtualAuthenticators: true}
Session ID: eb827ffab403e24ce2972d790a7cc334]]>
            </message>
            <full-stacktrace>
              <![CDATA[org.openqa.selenium.NoSuchWindowException: no such window: target window already closed
from unknown error: web view not found
  (Session info: chrome=110.0.5481.177)
Build info: version: '4.7.2', revision: '4d4020c3b7'
System info: os.name: 'Mac OS X', os.arch: 'aarch64', os.version: '13.2.1', java.version: '17.0.3'
Driver info: org.openqa.selenium.chrome.ChromeDriver
Command: [eb827ffab403e24ce2972d790a7cc334, screenshot {}]
Capabilities {acceptInsecureCerts: false, browserName: chrome, browserVersion: 110.0.5481.177, chrome: {chromedriverVersion: 110.0.5481.77 (65ed616c6e8e..., userDataDir: /var/folders/9v/ttfw4v0x0ng...}, goog:chromeOptions: {debuggerAddress: localhost:49633}, networkConnectionEnabled: false, pageLoadStrategy: normal, platformName: MAC, proxy: Proxy(), se:cdp: ws://localhost:49633/devtoo..., se:cdpVersion: 110.0.5481.177, setWindowRect: true, strictFileInteractability: false, timeouts: {implicit: 0, pageLoad: 300000, script: 30000}, unhandledPromptBehavior: dismiss and notify, webauthn:extension:credBlob: true, webauthn:extension:largeBlob: true, webauthn:virtualAuthenticators: true}
Session ID: eb827ffab403e24ce2972d790a7cc334
at jdk.internal.reflect.GeneratedConstructorAccessor20.newInstance(Unknown Source)
at java.base/jdk.internal.reflect.DelegatingConstructorAccessorImpl.newInstance(DelegatingConstructorAccessorImpl.java:45)
at java.base/java.lang.reflect.Constructor.newInstanceWithCaller(Constructor.java:499)
at java.base/java.lang.reflect.Constructor.newInstance(Constructor.java:480)
at org.openqa.selenium.remote.codec.w3c.W3CHttpResponseCodec.createException(W3CHttpResponseCodec.java:200)
at org.openqa.selenium.remote.codec.w3c.W3CHttpResponseCodec.decode(W3CHttpResponseCodec.java:133)
at org.openqa.selenium.remote.codec.w3c.W3CHttpResponseCodec.decode(W3CHttpResponseCodec.java:53)
at org.openqa.selenium.remote.HttpCommandExecutor.execute(HttpCommandExecutor.java:184)
at org.openqa.selenium.remote.service.DriverCommandExecutor.invokeExecute(DriverCommandExecutor.java:167)
at org.openqa.selenium.remote.service.DriverCommandExecutor.execute(DriverCommandExecutor.java:142)
at org.openqa.selenium.remote.RemoteWebDriver.execute(RemoteWebDriver.java:535)
at org.openqa.selenium.remote.RemoteWebDriver.execute(RemoteWebDriver.java:590)
at org.openqa.selenium.remote.RemoteWebDriver.execute(RemoteWebDriver.java:594)
at org.openqa.selenium.remote.RemoteWebDriver.getScreenshotAs(RemoteWebDriver.java:317)
at planbox.maven.baseReport.getScreenShot(baseReport.java:148)
at planbox.maven.baseReport.getResult(baseReport.java:169)
at java.base/jdk.internal.reflect.NativeMethodAccessorImpl.invoke0(Native Method)
at java.base/jdk.internal.reflect.NativeMethodAccessorImpl.invoke(NativeMethodAccessorImpl.java:77)
at java.base/jdk.internal.reflect.DelegatingMethodAccessorImpl.invoke(DelegatingMethodAccessorImpl.java:43)
at java.base/java.lang.reflect.Method.invoke(Method.java:568)
at org.testng.internal.invokers.MethodInvocationHelper.invokeMethod(MethodInvocationHelper.java:139)
at org.testng.internal.invokers.MethodInvocationHelper.invokeMethodConsideringTimeout(MethodInvocationHelper.java:69)
at org.testng.internal.invokers.ConfigInvoker.invokeConfigurationMethod(ConfigInvoker.java:361)
at org.testng.internal.invokers.ConfigInvoker.invokeConfigurations(ConfigInvoker.java:296)
at org.testng.internal.invokers.TestInvoker.runConfigMethods(TestInvoker.java:823)
at org.testng.internal.invokers.TestInvoker.runAfterConfigurations(TestInvoker.java:792)
at org.testng.internal.invokers.TestInvoker.invokeMethod(TestInvoker.java:768)
at org.testng.internal.invokers.TestInvoker.invokeTestMethod(TestInvoker.java:221)
at org.testng.internal.invokers.MethodRunner.runInSequence(MethodRunner.java:50)
at org.testng.internal.invokers.TestInvoker$MethodInvocationAgent.invoke(TestInvoker.java:969)
at org.testng.internal.invokers.TestInvoker.invokeTestMethods(TestInvoker.java:194)
at org.testng.internal.invokers.TestMethodWorker.invokeTestMethods(TestMethodWorker.java:148)
at org.testng.internal.invokers.TestMethodWorker.run(TestMethodWorker.java:128)
at java.base/java.util.ArrayList.forEach(ArrayList.java:1511)
at org.testng.TestRunner.privateRun(TestRunner.java:829)
at org.testng.TestRunner.run(TestRunner.java:602)
at org.testng.SuiteRunner.runTest(SuiteRunner.java:437)
at org.testng.SuiteRunner.runSequentially(SuiteRunner.java:431)
at org.testng.SuiteRunner.privateRun(SuiteRunner.java:391)
at org.testng.SuiteRunner.run(SuiteRunner.java:330)
at org.testng.SuiteRunnerWorker.runSuite(SuiteRunnerWorker.java:52)
at org.testng.SuiteRunnerWorker.run(SuiteRunnerWorker.java:95)
at org.testng.TestNG.runSuitesSequentially(TestNG.java:1256)
at org.testng.TestNG.runSuitesLocally(TestNG.java:1176)
at org.testng.TestNG.runSuites(TestNG.java:1099)
at org.testng.TestNG.run(TestNG.java:1067)
at org.testng.remote.AbstractRemoteTestNG.run(AbstractRemoteTestNG.java:115)
at org.testng.remote.RemoteTestNG.initAndRun(RemoteTestNG.java:251)
at org.testng.remote.RemoteTestNG.main(RemoteTestNG.java:77)
]]>
            </full-stacktrace>
          </exception> <!-- org.openqa.selenium.NoSuchWindowException -->
          <reporter-output>
          </reporter-output>
        </test-method> <!-- getResult -->
        <test-method signature="main(java.lang.String,java.lang.String,java.lang.String,java.lang.String,java.lang.String,java.lang.String)[pri:1, instance:planbox.maven.AppTest@7161d8d1]" started-at="2023-03-12T13:38:36 EDT" name="main" data-provider="URLS" finished-at="2023-03-12T13:38:36 EDT" duration-ms="0" status="SKIP">
          <params>
            <param index="0">
              <value>
                <![CDATA[http://dow.planbox.com/default/Login?signInWithSecretKey=true]]>
              </value>
            </param>
            <param index="1">
              <value>
                <![CDATA[1e7b79e5bf5c471493378ffaafa5e7ce:N3F7L0oqziGFNek1wxQF4wQToHhl7doShoHEeP7DMeLoUtEHs43MIlrdTk81x6YqUENum2KSK3Bnk2KB7tD2FPjj7khe6dxGcSvPKvI32RISMfEW8SIICvTjQ5MK2M1H]]>
              </value>
            </param>
            <param index="2">
              <value>
                <![CDATA[https://dow.planbox.com/default/challenges]]>
              </value>
            </param>
            <param index="3">
              <value>
                <![CDATA[http://dow.planbox.com/default/ideas]]>
              </value>
            </param>
            <param index="4">
              <value>
                <![CDATA[http://dow.planbox.com/default/home/homepage]]>
              </value>
            </param>
            <param index="5">
              <value>
                <![CDATA[Dow]]>
              </value>
            </param>
          </params>
          <exception class="org.openqa.selenium.NoSuchWindowException">
            <message>
              <![CDATA[no such window: target window already closed
from unknown error: web view not found
  (Session info: chrome=110.0.5481.177)
Build info: version: '4.7.2', revision: '4d4020c3b7'
System info: os.name: 'Mac OS X', os.arch: 'aarch64', os.version: '13.2.1', java.version: '17.0.3'
Driver info: org.openqa.selenium.chrome.ChromeDriver
Command: [eb827ffab403e24ce2972d790a7cc334, screenshot {}]
Capabilities {acceptInsecureCerts: false, browserName: chrome, browserVersion: 110.0.5481.177, chrome: {chromedriverVersion: 110.0.5481.77 (65ed616c6e8e..., userDataDir: /var/folders/9v/ttfw4v0x0ng...}, goog:chromeOptions: {debuggerAddress: localhost:49633}, networkConnectionEnabled: false, pageLoadStrategy: normal, platformName: MAC, proxy: Proxy(), se:cdp: ws://localhost:49633/devtoo..., se:cdpVersion: 110.0.5481.177, setWindowRect: true, strictFileInteractability: false, timeouts: {implicit: 0, pageLoad: 300000, script: 30000}, unhandledPromptBehavior: dismiss and notify, webauthn:extension:credBlob: true, webauthn:extension:largeBlob: true, webauthn:virtualAuthenticators: true}
Session ID: eb827ffab403e24ce2972d790a7cc334]]>
            </message>
            <full-stacktrace>
              <![CDATA[org.openqa.selenium.NoSuchWindowException: no such window: target window already closed
from unknown error: web view not found
  (Session info: chrome=110.0.5481.177)
Build info: version: '4.7.2', revision: '4d4020c3b7'
System info: os.name: 'Mac OS X', os.arch: 'aarch64', os.version: '13.2.1', java.version: '17.0.3'
Driver info: org.openqa.selenium.chrome.ChromeDriver
Command: [eb827ffab403e24ce2972d790a7cc334, screenshot {}]
Capabilities {acceptInsecureCerts: false, browserName: chrome, browserVersion: 110.0.5481.177, chrome: {chromedriverVersion: 110.0.5481.77 (65ed616c6e8e..., userDataDir: /var/folders/9v/ttfw4v0x0ng...}, goog:chromeOptions: {debuggerAddress: localhost:49633}, networkConnectionEnabled: false, pageLoadStrategy: normal, platformName: MAC, proxy: Proxy(), se:cdp: ws://localhost:49633/devtoo..., se:cdpVersion: 110.0.5481.177, setWindowRect: true, strictFileInteractability: false, timeouts: {implicit: 0, pageLoad: 300000, script: 30000}, unhandledPromptBehavior: dismiss and notify, webauthn:extension:credBlob: true, webauthn:extension:largeBlob: true, webauthn:virtualAuthenticators: true}
Session ID: eb827ffab403e24ce2972d790a7cc334
at jdk.internal.reflect.GeneratedConstructorAccessor20.newInstance(Unknown Source)
at java.base/jdk.internal.reflect.DelegatingConstructorAccessorImpl.newInstance(DelegatingConstructorAccessorImpl.java:45)
at java.base/java.lang.reflect.Constructor.newInstanceWithCaller(Constructor.java:499)
at java.base/java.lang.reflect.Constructor.newInstance(Constructor.java:480)
at org.openqa.selenium.remote.codec.w3c.W3CHttpResponseCodec.createException(W3CHttpResponseCodec.java:200)
at org.openqa.selenium.remote.codec.w3c.W3CHttpResponseCodec.decode(W3CHttpResponseCodec.java:133)
at org.openqa.selenium.remote.codec.w3c.W3CHttpResponseCodec.decode(W3CHttpResponseCodec.java:53)
at org.openqa.selenium.remote.HttpCommandExecutor.execute(HttpCommandExecutor.java:184)
at org.openqa.selenium.remote.service.DriverCommandExecutor.invokeExecute(DriverCommandExecutor.java:167)
at org.openqa.selenium.remote.service.DriverCommandExecutor.execute(DriverCommandExecutor.java:142)
at org.openqa.selenium.remote.RemoteWebDriver.execute(RemoteWebDriver.java:535)
at org.openqa.selenium.remote.RemoteWebDriver.execute(RemoteWebDriver.java:590)
at org.openqa.selenium.remote.RemoteWebDriver.execute(RemoteWebDriver.java:594)
at org.openqa.selenium.remote.RemoteWebDriver.getScreenshotAs(RemoteWebDriver.java:317)
at planbox.maven.baseReport.getScreenShot(baseReport.java:148)
at planbox.maven.baseReport.getResult(baseReport.java:169)
at java.base/jdk.internal.reflect.NativeMethodAccessorImpl.invoke0(Native Method)
at java.base/jdk.internal.reflect.NativeMethodAccessorImpl.invoke(NativeMethodAccessorImpl.java:77)
at java.base/jdk.internal.reflect.DelegatingMethodAccessorImpl.invoke(DelegatingMethodAccessorImpl.java:43)
at java.base/java.lang.reflect.Method.invoke(Method.java:568)
at org.testng.internal.invokers.MethodInvocationHelper.invokeMethod(MethodInvocationHelper.java:139)
at org.testng.internal.invokers.MethodInvocationHelper.invokeMethodConsideringTimeout(MethodInvocationHelper.java:69)
at org.testng.internal.invokers.ConfigInvoker.invokeConfigurationMethod(ConfigInvoker.java:361)
at org.testng.internal.invokers.ConfigInvoker.invokeConfigurations(ConfigInvoker.java:296)
at org.testng.internal.invokers.TestInvoker.runConfigMethods(TestInvoker.java:823)
at org.testng.internal.invokers.TestInvoker.runAfterConfigurations(TestInvoker.java:792)
at org.testng.internal.invokers.TestInvoker.invokeMethod(TestInvoker.java:768)
at org.testng.internal.invokers.TestInvoker.invokeTestMethod(TestInvoker.java:221)
at org.testng.internal.invokers.MethodRunner.runInSequence(MethodRunner.java:50)
at org.testng.internal.invokers.TestInvoker$MethodInvocationAgent.invoke(TestInvoker.java:969)
at org.testng.internal.invokers.TestInvoker.invokeTestMethods(TestInvoker.java:194)
at org.testng.internal.invokers.TestMethodWorker.invokeTestMethods(TestMethodWorker.java:148)
at org.testng.internal.invokers.TestMethodWorker.run(TestMethodWorker.java:128)
at java.base/java.util.ArrayList.forEach(ArrayList.java:1511)
at org.testng.TestRunner.privateRun(TestRunner.java:829)
at org.testng.TestRunner.run(TestRunner.java:602)
at org.testng.SuiteRunner.runTest(SuiteRunner.java:437)
at org.testng.SuiteRunner.runSequentially(SuiteRunner.java:431)
at org.testng.SuiteRunner.privateRun(SuiteRunner.java:391)
at org.testng.SuiteRunner.run(SuiteRunner.java:330)
at org.testng.SuiteRunnerWorker.runSuite(SuiteRunnerWorker.java:52)
at org.testng.SuiteRunnerWorker.run(SuiteRunnerWorker.java:95)
at org.testng.TestNG.runSuitesSequentially(TestNG.java:1256)
at org.testng.TestNG.runSuitesLocally(TestNG.java:1176)
at org.testng.TestNG.runSuites(TestNG.java:1099)
at org.testng.TestNG.run(TestNG.java:1067)
at org.testng.remote.AbstractRemoteTestNG.run(AbstractRemoteTestNG.java:115)
at org.testng.remote.RemoteTestNG.initAndRun(RemoteTestNG.java:251)
at org.testng.remote.RemoteTestNG.main(RemoteTestNG.java:77)
]]>
            </full-stacktrace>
          </exception> <!-- org.openqa.selenium.NoSuchWindowException -->
          <reporter-output>
          </reporter-output>
        </test-method> <!-- main -->
        <test-method is-config="true" signature="getResult(org.testng.ITestResult)[pri:0, instance:planbox.maven.AppTest@7161d8d1]" started-at="2023-03-12T13:38:36 EDT" name="getResult" finished-at="2023-03-12T13:38:36 EDT" duration-ms="0" status="SKIP">
          <reporter-output>
          </reporter-output>
        </test-method> <!-- getResult -->
        <test-method signature="main(java.lang.String,java.lang.String,java.lang.String,java.lang.String,java.lang.String,java.lang.String)[pri:1, instance:planbox.maven.AppTest@7161d8d1]" started-at="2023-03-12T13:38:36 EDT" name="main" data-provider="URLS" finished-at="2023-03-12T13:38:36 EDT" duration-ms="0" status="SKIP">
          <params>
            <param index="0">
              <value>
                <![CDATA[https://galp.planbox.com/default/Login?signInWithSecretKey=true]]>
              </value>
            </param>
            <param index="1">
              <value>
                <![CDATA[1e7b79e5bf5c471493378ffaafa5e7ce:N3F7L0oqziGFNek1wxQF4wQToHhl7doShoHEeP7DMeLoUtEHs43MIlrdTk81x6YqUENum2KSK3Bnk2KB7tD2FPjj7khe6dxGcSvPKvI32RISMfEW8SIICvTjQ5MK2M1H]]>
              </value>
            </param>
            <param index="2">
              <value>
                <![CDATA[https://galp.planbox.com/default/challenges]]>
              </value>
            </param>
            <param index="3">
              <value>
                <![CDATA[https://galp.planbox.com/default/ideas]]>
              </value>
            </param>
            <param index="4">
              <value>
                <![CDATA[https://galp.planbox.com/default/home/homepage]]>
              </value>
            </param>
            <param index="5">
              <value>
                <![CDATA[Galp]]>
              </value>
            </param>
          </params>
          <exception class="org.openqa.selenium.NoSuchWindowException">
            <message>
              <![CDATA[no such window: target window already closed
from unknown error: web view not found
  (Session info: chrome=110.0.5481.177)
Build info: version: '4.7.2', revision: '4d4020c3b7'
System info: os.name: 'Mac OS X', os.arch: 'aarch64', os.version: '13.2.1', java.version: '17.0.3'
Driver info: org.openqa.selenium.chrome.ChromeDriver
Command: [eb827ffab403e24ce2972d790a7cc334, screenshot {}]
Capabilities {acceptInsecureCerts: false, browserName: chrome, browserVersion: 110.0.5481.177, chrome: {chromedriverVersion: 110.0.5481.77 (65ed616c6e8e..., userDataDir: /var/folders/9v/ttfw4v0x0ng...}, goog:chromeOptions: {debuggerAddress: localhost:49633}, networkConnectionEnabled: false, pageLoadStrategy: normal, platformName: MAC, proxy: Proxy(), se:cdp: ws://localhost:49633/devtoo..., se:cdpVersion: 110.0.5481.177, setWindowRect: true, strictFileInteractability: false, timeouts: {implicit: 0, pageLoad: 300000, script: 30000}, unhandledPromptBehavior: dismiss and notify, webauthn:extension:credBlob: true, webauthn:extension:largeBlob: true, webauthn:virtualAuthenticators: true}
Session ID: eb827ffab403e24ce2972d790a7cc334]]>
            </message>
            <full-stacktrace>
              <![CDATA[org.openqa.selenium.NoSuchWindowException: no such window: target window already closed
from unknown error: web view not found
  (Session info: chrome=110.0.5481.177)
Build info: version: '4.7.2', revision: '4d4020c3b7'
System info: os.name: 'Mac OS X', os.arch: 'aarch64', os.version: '13.2.1', java.version: '17.0.3'
Driver info: org.openqa.selenium.chrome.ChromeDriver
Command: [eb827ffab403e24ce2972d790a7cc334, screenshot {}]
Capabilities {acceptInsecureCerts: false, browserName: chrome, browserVersion: 110.0.5481.177, chrome: {chromedriverVersion: 110.0.5481.77 (65ed616c6e8e..., userDataDir: /var/folders/9v/ttfw4v0x0ng...}, goog:chromeOptions: {debuggerAddress: localhost:49633}, networkConnectionEnabled: false, pageLoadStrategy: normal, platformName: MAC, proxy: Proxy(), se:cdp: ws://localhost:49633/devtoo..., se:cdpVersion: 110.0.5481.177, setWindowRect: true, strictFileInteractability: false, timeouts: {implicit: 0, pageLoad: 300000, script: 30000}, unhandledPromptBehavior: dismiss and notify, webauthn:extension:credBlob: true, webauthn:extension:largeBlob: true, webauthn:virtualAuthenticators: true}
Session ID: eb827ffab403e24ce2972d790a7cc334
at jdk.internal.reflect.GeneratedConstructorAccessor20.newInstance(Unknown Source)
at java.base/jdk.internal.reflect.DelegatingConstructorAccessorImpl.newInstance(DelegatingConstructorAccessorImpl.java:45)
at java.base/java.lang.reflect.Constructor.newInstanceWithCaller(Constructor.java:499)
at java.base/java.lang.reflect.Constructor.newInstance(Constructor.java:480)
at org.openqa.selenium.remote.codec.w3c.W3CHttpResponseCodec.createException(W3CHttpResponseCodec.java:200)
at org.openqa.selenium.remote.codec.w3c.W3CHttpResponseCodec.decode(W3CHttpResponseCodec.java:133)
at org.openqa.selenium.remote.codec.w3c.W3CHttpResponseCodec.decode(W3CHttpResponseCodec.java:53)
at org.openqa.selenium.remote.HttpCommandExecutor.execute(HttpCommandExecutor.java:184)
at org.openqa.selenium.remote.service.DriverCommandExecutor.invokeExecute(DriverCommandExecutor.java:167)
at org.openqa.selenium.remote.service.DriverCommandExecutor.execute(DriverCommandExecutor.java:142)
at org.openqa.selenium.remote.RemoteWebDriver.execute(RemoteWebDriver.java:535)
at org.openqa.selenium.remote.RemoteWebDriver.execute(RemoteWebDriver.java:590)
at org.openqa.selenium.remote.RemoteWebDriver.execute(RemoteWebDriver.java:594)
at org.openqa.selenium.remote.RemoteWebDriver.getScreenshotAs(RemoteWebDriver.java:317)
at planbox.maven.baseReport.getScreenShot(baseReport.java:148)
at planbox.maven.baseReport.getResult(baseReport.java:169)
at java.base/jdk.internal.reflect.NativeMethodAccessorImpl.invoke0(Native Method)
at java.base/jdk.internal.reflect.NativeMethodAccessorImpl.invoke(NativeMethodAccessorImpl.java:77)
at java.base/jdk.internal.reflect.DelegatingMethodAccessorImpl.invoke(DelegatingMethodAccessorImpl.java:43)
at java.base/java.lang.reflect.Method.invoke(Method.java:568)
at org.testng.internal.invokers.MethodInvocationHelper.invokeMethod(MethodInvocationHelper.java:139)
at org.testng.internal.invokers.MethodInvocationHelper.invokeMethodConsideringTimeout(MethodInvocationHelper.java:69)
at org.testng.internal.invokers.ConfigInvoker.invokeConfigurationMethod(ConfigInvoker.java:361)
at org.testng.internal.invokers.ConfigInvoker.invokeConfigurations(ConfigInvoker.java:296)
at org.testng.internal.invokers.TestInvoker.runConfigMethods(TestInvoker.java:823)
at org.testng.internal.invokers.TestInvoker.runAfterConfigurations(TestInvoker.java:792)
at org.testng.internal.invokers.TestInvoker.invokeMethod(TestInvoker.java:768)
at org.testng.internal.invokers.TestInvoker.invokeTestMethod(TestInvoker.java:221)
at org.testng.internal.invokers.MethodRunner.runInSequence(MethodRunner.java:50)
at org.testng.internal.invokers.TestInvoker$MethodInvocationAgent.invoke(TestInvoker.java:969)
at org.testng.internal.invokers.TestInvoker.invokeTestMethods(TestInvoker.java:194)
at org.testng.internal.invokers.TestMethodWorker.invokeTestMethods(TestMethodWorker.java:148)
at org.testng.internal.invokers.TestMethodWorker.run(TestMethodWorker.java:128)
at java.base/java.util.ArrayList.forEach(ArrayList.java:1511)
at org.testng.TestRunner.privateRun(TestRunner.java:829)
at org.testng.TestRunner.run(TestRunner.java:602)
at org.testng.SuiteRunner.runTest(SuiteRunner.java:437)
at org.testng.SuiteRunner.runSequentially(SuiteRunner.java:431)
at org.testng.SuiteRunner.privateRun(SuiteRunner.java:391)
at org.testng.SuiteRunner.run(SuiteRunner.java:330)
at org.testng.SuiteRunnerWorker.runSuite(SuiteRunnerWorker.java:52)
at org.testng.SuiteRunnerWorker.run(SuiteRunnerWorker.java:95)
at org.testng.TestNG.runSuitesSequentially(TestNG.java:1256)
at org.testng.TestNG.runSuitesLocally(TestNG.java:1176)
at org.testng.TestNG.runSuites(TestNG.java:1099)
at org.testng.TestNG.run(TestNG.java:1067)
at org.testng.remote.AbstractRemoteTestNG.run(AbstractRemoteTestNG.java:115)
at org.testng.remote.RemoteTestNG.initAndRun(RemoteTestNG.java:251)
at org.testng.remote.RemoteTestNG.main(RemoteTestNG.java:77)
]]>
            </full-stacktrace>
          </exception> <!-- org.openqa.selenium.NoSuchWindowException -->
          <reporter-output>
          </reporter-output>
        </test-method> <!-- main -->
        <test-method is-config="true" signature="getResult(org.testng.ITestResult)[pri:0, instance:planbox.maven.AppTest@7161d8d1]" started-at="2023-03-12T13:38:36 EDT" name="getResult" finished-at="2023-03-12T13:38:36 EDT" duration-ms="0" status="SKIP">
          <reporter-output>
          </reporter-output>
        </test-method> <!-- getResult -->
        <test-method signature="main(java.lang.String,java.lang.String,java.lang.String,java.lang.String,java.lang.String,java.lang.String)[pri:1, instance:planbox.maven.AppTest@7161d8d1]" started-at="2023-03-12T13:38:36 EDT" name="main" data-provider="URLS" finished-at="2023-03-12T13:38:36 EDT" duration-ms="0" status="SKIP">
          <params>
            <param index="0">
              <value>
                <![CDATA[https://metlife.planbox.com/default/Login?signInWithSecretKey=true]]>
              </value>
            </param>
            <param index="1">
              <value>
                <![CDATA[1e7b79e5bf5c471493378ffaafa5e7ce:N3F7L0oqziGFNek1wxQF4wQToHhl7doShoHEeP7DMeLoUtEHs43MIlrdTk81x6YqUENum2KSK3Bnk2KB7tD2FPjj7khe6dxGcSvPKvI32RISMfEW8SIICvTjQ5MK2M1H]]>
              </value>
            </param>
            <param index="2">
              <value>
                <![CDATA[https://metlife.planbox.com/default/Challenges]]>
              </value>
            </param>
            <param index="3">
              <value>
                <![CDATA[https://metlife.planbox.com/default/ideas]]>
              </value>
            </param>
            <param index="4">
              <value>
                <![CDATA[https://metlife.planbox.com/default/home/homepage]]>
              </value>
            </param>
            <param index="5">
              <value>
                <![CDATA[Metlife]]>
              </value>
            </param>
          </params>
          <exception class="org.openqa.selenium.NoSuchWindowException">
            <message>
              <![CDATA[no such window: target window already closed
from unknown error: web view not found
  (Session info: chrome=110.0.5481.177)
Build info: version: '4.7.2', revision: '4d4020c3b7'
System info: os.name: 'Mac OS X', os.arch: 'aarch64', os.version: '13.2.1', java.version: '17.0.3'
Driver info: org.openqa.selenium.chrome.ChromeDriver
Command: [eb827ffab403e24ce2972d790a7cc334, screenshot {}]
Capabilities {acceptInsecureCerts: false, browserName: chrome, browserVersion: 110.0.5481.177, chrome: {chromedriverVersion: 110.0.5481.77 (65ed616c6e8e..., userDataDir: /var/folders/9v/ttfw4v0x0ng...}, goog:chromeOptions: {debuggerAddress: localhost:49633}, networkConnectionEnabled: false, pageLoadStrategy: normal, platformName: MAC, proxy: Proxy(), se:cdp: ws://localhost:49633/devtoo..., se:cdpVersion: 110.0.5481.177, setWindowRect: true, strictFileInteractability: false, timeouts: {implicit: 0, pageLoad: 300000, script: 30000}, unhandledPromptBehavior: dismiss and notify, webauthn:extension:credBlob: true, webauthn:extension:largeBlob: true, webauthn:virtualAuthenticators: true}
Session ID: eb827ffab403e24ce2972d790a7cc334]]>
            </message>
            <full-stacktrace>
              <![CDATA[org.openqa.selenium.NoSuchWindowException: no such window: target window already closed
from unknown error: web view not found
  (Session info: chrome=110.0.5481.177)
Build info: version: '4.7.2', revision: '4d4020c3b7'
System info: os.name: 'Mac OS X', os.arch: 'aarch64', os.version: '13.2.1', java.version: '17.0.3'
Driver info: org.openqa.selenium.chrome.ChromeDriver
Command: [eb827ffab403e24ce2972d790a7cc334, screenshot {}]
Capabilities {acceptInsecureCerts: false, browserName: chrome, browserVersion: 110.0.5481.177, chrome: {chromedriverVersion: 110.0.5481.77 (65ed616c6e8e..., userDataDir: /var/folders/9v/ttfw4v0x0ng...}, goog:chromeOptions: {debuggerAddress: localhost:49633}, networkConnectionEnabled: false, pageLoadStrategy: normal, platformName: MAC, proxy: Proxy(), se:cdp: ws://localhost:49633/devtoo..., se:cdpVersion: 110.0.5481.177, setWindowRect: true, strictFileInteractability: false, timeouts: {implicit: 0, pageLoad: 300000, script: 30000}, unhandledPromptBehavior: dismiss and notify, webauthn:extension:credBlob: true, webauthn:extension:largeBlob: true, webauthn:virtualAuthenticators: true}
Session ID: eb827ffab403e24ce2972d790a7cc334
at jdk.internal.reflect.GeneratedConstructorAccessor20.newInstance(Unknown Source)
at java.base/jdk.internal.reflect.DelegatingConstructorAccessorImpl.newInstance(DelegatingConstructorAccessorImpl.java:45)
at java.base/java.lang.reflect.Constructor.newInstanceWithCaller(Constructor.java:499)
at java.base/java.lang.reflect.Constructor.newInstance(Constructor.java:480)
at org.openqa.selenium.remote.codec.w3c.W3CHttpResponseCodec.createException(W3CHttpResponseCodec.java:200)
at org.openqa.selenium.remote.codec.w3c.W3CHttpResponseCodec.decode(W3CHttpResponseCodec.java:133)
at org.openqa.selenium.remote.codec.w3c.W3CHttpResponseCodec.decode(W3CHttpResponseCodec.java:53)
at org.openqa.selenium.remote.HttpCommandExecutor.execute(HttpCommandExecutor.java:184)
at org.openqa.selenium.remote.service.DriverCommandExecutor.invokeExecute(DriverCommandExecutor.java:167)
at org.openqa.selenium.remote.service.DriverCommandExecutor.execute(DriverCommandExecutor.java:142)
at org.openqa.selenium.remote.RemoteWebDriver.execute(RemoteWebDriver.java:535)
at org.openqa.selenium.remote.RemoteWebDriver.execute(RemoteWebDriver.java:590)
at org.openqa.selenium.remote.RemoteWebDriver.execute(RemoteWebDriver.java:594)
at org.openqa.selenium.remote.RemoteWebDriver.getScreenshotAs(RemoteWebDriver.java:317)
at planbox.maven.baseReport.getScreenShot(baseReport.java:148)
at planbox.maven.baseReport.getResult(baseReport.java:169)
at java.base/jdk.internal.reflect.NativeMethodAccessorImpl.invoke0(Native Method)
at java.base/jdk.internal.reflect.NativeMethodAccessorImpl.invoke(NativeMethodAccessorImpl.java:77)
at java.base/jdk.internal.reflect.DelegatingMethodAccessorImpl.invoke(DelegatingMethodAccessorImpl.java:43)
at java.base/java.lang.reflect.Method.invoke(Method.java:568)
at org.testng.internal.invokers.MethodInvocationHelper.invokeMethod(MethodInvocationHelper.java:139)
at org.testng.internal.invokers.MethodInvocationHelper.invokeMethodConsideringTimeout(MethodInvocationHelper.java:69)
at org.testng.internal.invokers.ConfigInvoker.invokeConfigurationMethod(ConfigInvoker.java:361)
at org.testng.internal.invokers.ConfigInvoker.invokeConfigurations(ConfigInvoker.java:296)
at org.testng.internal.invokers.TestInvoker.runConfigMethods(TestInvoker.java:823)
at org.testng.internal.invokers.TestInvoker.runAfterConfigurations(TestInvoker.java:792)
at org.testng.internal.invokers.TestInvoker.invokeMethod(TestInvoker.java:768)
at org.testng.internal.invokers.TestInvoker.invokeTestMethod(TestInvoker.java:221)
at org.testng.internal.invokers.MethodRunner.runInSequence(MethodRunner.java:50)
at org.testng.internal.invokers.TestInvoker$MethodInvocationAgent.invoke(TestInvoker.java:969)
at org.testng.internal.invokers.TestInvoker.invokeTestMethods(TestInvoker.java:194)
at org.testng.internal.invokers.TestMethodWorker.invokeTestMethods(TestMethodWorker.java:148)
at org.testng.internal.invokers.TestMethodWorker.run(TestMethodWorker.java:128)
at java.base/java.util.ArrayList.forEach(ArrayList.java:1511)
at org.testng.TestRunner.privateRun(TestRunner.java:829)
at org.testng.TestRunner.run(TestRunner.java:602)
at org.testng.SuiteRunner.runTest(SuiteRunner.java:437)
at org.testng.SuiteRunner.runSequentially(SuiteRunner.java:431)
at org.testng.SuiteRunner.privateRun(SuiteRunner.java:391)
at org.testng.SuiteRunner.run(SuiteRunner.java:330)
at org.testng.SuiteRunnerWorker.runSuite(SuiteRunnerWorker.java:52)
at org.testng.SuiteRunnerWorker.run(SuiteRunnerWorker.java:95)
at org.testng.TestNG.runSuitesSequentially(TestNG.java:1256)
at org.testng.TestNG.runSuitesLocally(TestNG.java:1176)
at org.testng.TestNG.runSuites(TestNG.java:1099)
at org.testng.TestNG.run(TestNG.java:1067)
at org.testng.remote.AbstractRemoteTestNG.run(AbstractRemoteTestNG.java:115)
at org.testng.remote.RemoteTestNG.initAndRun(RemoteTestNG.java:251)
at org.testng.remote.RemoteTestNG.main(RemoteTestNG.java:77)
]]>
            </full-stacktrace>
          </exception> <!-- org.openqa.selenium.NoSuchWindowException -->
          <reporter-output>
          </reporter-output>
        </test-method> <!-- main -->
        <test-method is-config="true" signature="getResult(org.testng.ITestResult)[pri:0, instance:planbox.maven.AppTest@7161d8d1]" started-at="2023-03-12T13:38:36 EDT" name="getResult" finished-at="2023-03-12T13:38:36 EDT" duration-ms="0" status="SKIP">
          <reporter-output>
          </reporter-output>
        </test-method> <!-- getResult -->
        <test-method signature="main(java.lang.String,java.lang.String,java.lang.String,java.lang.String,java.lang.String,java.lang.String)[pri:1, instance:planbox.maven.AppTest@7161d8d1]" started-at="2023-03-12T13:38:36 EDT" name="main" data-provider="URLS" finished-at="2023-03-12T13:38:36 EDT" duration-ms="0" status="SKIP">
          <params>
            <param index="0">
              <value>
                <![CDATA[https://molex.planbox.com/default/Login?signInWithSecretKey=true]]>
              </value>
            </param>
            <param index="1">
              <value>
                <![CDATA[1e7b79e5bf5c471493378ffaafa5e7ce:N3F7L0oqziGFNek1wxQF4wQToHhl7doShoHEeP7DMeLoUtEHs43MIlrdTk81x6YqUENum2KSK3Bnk2KB7tD2FPjj7khe6dxGcSvPKvI32RISMfEW8SIICvTjQ5MK2M1H]]>
              </value>
            </param>
            <param index="2">
              <value>
                <![CDATA[https://molex.planbox.com/default/Challenges]]>
              </value>
            </param>
            <param index="3">
              <value>
                <![CDATA[https://molex.planbox.com/default/ideas]]>
              </value>
            </param>
            <param index="4">
              <value>
                <![CDATA[https://molex.planbox.com/default/home/homepage]]>
              </value>
            </param>
            <param index="5">
              <value>
                <![CDATA[Molex]]>
              </value>
            </param>
          </params>
          <exception class="org.openqa.selenium.NoSuchWindowException">
            <message>
              <![CDATA[no such window: target window already closed
from unknown error: web view not found
  (Session info: chrome=110.0.5481.177)
Build info: version: '4.7.2', revision: '4d4020c3b7'
System info: os.name: 'Mac OS X', os.arch: 'aarch64', os.version: '13.2.1', java.version: '17.0.3'
Driver info: org.openqa.selenium.chrome.ChromeDriver
Command: [eb827ffab403e24ce2972d790a7cc334, screenshot {}]
Capabilities {acceptInsecureCerts: false, browserName: chrome, browserVersion: 110.0.5481.177, chrome: {chromedriverVersion: 110.0.5481.77 (65ed616c6e8e..., userDataDir: /var/folders/9v/ttfw4v0x0ng...}, goog:chromeOptions: {debuggerAddress: localhost:49633}, networkConnectionEnabled: false, pageLoadStrategy: normal, platformName: MAC, proxy: Proxy(), se:cdp: ws://localhost:49633/devtoo..., se:cdpVersion: 110.0.5481.177, setWindowRect: true, strictFileInteractability: false, timeouts: {implicit: 0, pageLoad: 300000, script: 30000}, unhandledPromptBehavior: dismiss and notify, webauthn:extension:credBlob: true, webauthn:extension:largeBlob: true, webauthn:virtualAuthenticators: true}
Session ID: eb827ffab403e24ce2972d790a7cc334]]>
            </message>
            <full-stacktrace>
              <![CDATA[org.openqa.selenium.NoSuchWindowException: no such window: target window already closed
from unknown error: web view not found
  (Session info: chrome=110.0.5481.177)
Build info: version: '4.7.2', revision: '4d4020c3b7'
System info: os.name: 'Mac OS X', os.arch: 'aarch64', os.version: '13.2.1', java.version: '17.0.3'
Driver info: org.openqa.selenium.chrome.ChromeDriver
Command: [eb827ffab403e24ce2972d790a7cc334, screenshot {}]
Capabilities {acceptInsecureCerts: false, browserName: chrome, browserVersion: 110.0.5481.177, chrome: {chromedriverVersion: 110.0.5481.77 (65ed616c6e8e..., userDataDir: /var/folders/9v/ttfw4v0x0ng...}, goog:chromeOptions: {debuggerAddress: localhost:49633}, networkConnectionEnabled: false, pageLoadStrategy: normal, platformName: MAC, proxy: Proxy(), se:cdp: ws://localhost:49633/devtoo..., se:cdpVersion: 110.0.5481.177, setWindowRect: true, strictFileInteractability: false, timeouts: {implicit: 0, pageLoad: 300000, script: 30000}, unhandledPromptBehavior: dismiss and notify, webauthn:extension:credBlob: true, webauthn:extension:largeBlob: true, webauthn:virtualAuthenticators: true}
Session ID: eb827ffab403e24ce2972d790a7cc334
at jdk.internal.reflect.GeneratedConstructorAccessor20.newInstance(Unknown Source)
at java.base/jdk.internal.reflect.DelegatingConstructorAccessorImpl.newInstance(DelegatingConstructorAccessorImpl.java:45)
at java.base/java.lang.reflect.Constructor.newInstanceWithCaller(Constructor.java:499)
at java.base/java.lang.reflect.Constructor.newInstance(Constructor.java:480)
at org.openqa.selenium.remote.codec.w3c.W3CHttpResponseCodec.createException(W3CHttpResponseCodec.java:200)
at org.openqa.selenium.remote.codec.w3c.W3CHttpResponseCodec.decode(W3CHttpResponseCodec.java:133)
at org.openqa.selenium.remote.codec.w3c.W3CHttpResponseCodec.decode(W3CHttpResponseCodec.java:53)
at org.openqa.selenium.remote.HttpCommandExecutor.execute(HttpCommandExecutor.java:184)
at org.openqa.selenium.remote.service.DriverCommandExecutor.invokeExecute(DriverCommandExecutor.java:167)
at org.openqa.selenium.remote.service.DriverCommandExecutor.execute(DriverCommandExecutor.java:142)
at org.openqa.selenium.remote.RemoteWebDriver.execute(RemoteWebDriver.java:535)
at org.openqa.selenium.remote.RemoteWebDriver.execute(RemoteWebDriver.java:590)
at org.openqa.selenium.remote.RemoteWebDriver.execute(RemoteWebDriver.java:594)
at org.openqa.selenium.remote.RemoteWebDriver.getScreenshotAs(RemoteWebDriver.java:317)
at planbox.maven.baseReport.getScreenShot(baseReport.java:148)
at planbox.maven.baseReport.getResult(baseReport.java:169)
at java.base/jdk.internal.reflect.NativeMethodAccessorImpl.invoke0(Native Method)
at java.base/jdk.internal.reflect.NativeMethodAccessorImpl.invoke(NativeMethodAccessorImpl.java:77)
at java.base/jdk.internal.reflect.DelegatingMethodAccessorImpl.invoke(DelegatingMethodAccessorImpl.java:43)
at java.base/java.lang.reflect.Method.invoke(Method.java:568)
at org.testng.internal.invokers.MethodInvocationHelper.invokeMethod(MethodInvocationHelper.java:139)
at org.testng.internal.invokers.MethodInvocationHelper.invokeMethodConsideringTimeout(MethodInvocationHelper.java:69)
at org.testng.internal.invokers.ConfigInvoker.invokeConfigurationMethod(ConfigInvoker.java:361)
at org.testng.internal.invokers.ConfigInvoker.invokeConfigurations(ConfigInvoker.java:296)
at org.testng.internal.invokers.TestInvoker.runConfigMethods(TestInvoker.java:823)
at org.testng.internal.invokers.TestInvoker.runAfterConfigurations(TestInvoker.java:792)
at org.testng.internal.invokers.TestInvoker.invokeMethod(TestInvoker.java:768)
at org.testng.internal.invokers.TestInvoker.invokeTestMethod(TestInvoker.java:221)
at org.testng.internal.invokers.MethodRunner.runInSequence(MethodRunner.java:50)
at org.testng.internal.invokers.TestInvoker$MethodInvocationAgent.invoke(TestInvoker.java:969)
at org.testng.internal.invokers.TestInvoker.invokeTestMethods(TestInvoker.java:194)
at org.testng.internal.invokers.TestMethodWorker.invokeTestMethods(TestMethodWorker.java:148)
at org.testng.internal.invokers.TestMethodWorker.run(TestMethodWorker.java:128)
at java.base/java.util.ArrayList.forEach(ArrayList.java:1511)
at org.testng.TestRunner.privateRun(TestRunner.java:829)
at org.testng.TestRunner.run(TestRunner.java:602)
at org.testng.SuiteRunner.runTest(SuiteRunner.java:437)
at org.testng.SuiteRunner.runSequentially(SuiteRunner.java:431)
at org.testng.SuiteRunner.privateRun(SuiteRunner.java:391)
at org.testng.SuiteRunner.run(SuiteRunner.java:330)
at org.testng.SuiteRunnerWorker.runSuite(SuiteRunnerWorker.java:52)
at org.testng.SuiteRunnerWorker.run(SuiteRunnerWorker.java:95)
at org.testng.TestNG.runSuitesSequentially(TestNG.java:1256)
at org.testng.TestNG.runSuitesLocally(TestNG.java:1176)
at org.testng.TestNG.runSuites(TestNG.java:1099)
at org.testng.TestNG.run(TestNG.java:1067)
at org.testng.remote.AbstractRemoteTestNG.run(AbstractRemoteTestNG.java:115)
at org.testng.remote.RemoteTestNG.initAndRun(RemoteTestNG.java:251)
at org.testng.remote.RemoteTestNG.main(RemoteTestNG.java:77)
]]>
            </full-stacktrace>
          </exception> <!-- org.openqa.selenium.NoSuchWindowException -->
          <reporter-output>
          </reporter-output>
        </test-method> <!-- main -->
        <test-method is-config="true" signature="getResult(org.testng.ITestResult)[pri:0, instance:planbox.maven.AppTest@7161d8d1]" started-at="2023-03-12T13:38:36 EDT" name="getResult" finished-at="2023-03-12T13:38:36 EDT" duration-ms="0" status="SKIP">
          <reporter-output>
          </reporter-output>
        </test-method> <!-- getResult -->
        <test-method signature="main(java.lang.String,java.lang.String,java.lang.String,java.lang.String,java.lang.String,java.lang.String)[pri:1, instance:planbox.maven.AppTest@7161d8d1]" started-at="2023-03-12T13:38:36 EDT" name="main" data-provider="URLS" finished-at="2023-03-12T13:38:36 EDT" duration-ms="0" status="SKIP">
          <params>
            <param index="0">
              <value>
                <![CDATA[http://energycommunity.planbox.com/default/Login?signInWithSecretKey=true]]>
              </value>
            </param>
            <param index="1">
              <value>
                <![CDATA[1e7b79e5bf5c471493378ffaafa5e7ce:N3F7L0oqziGFNek1wxQF4wQToHhl7doShoHEeP7DMeLoUtEHs43MIlrdTk81x6YqUENum2KSK3Bnk2KB7tD2FPjj7khe6dxGcSvPKvI32RISMfEW8SIICvTjQ5MK2M1H]]>
              </value>
            </param>
            <param index="2">
              <value>
                <![CDATA[http://energycommunity.planbox.com/default/challenges]]>
              </value>
            </param>
            <param index="3">
              <value>
                <![CDATA[http://energycommunity.planbox.com/default/ideas]]>
              </value>
            </param>
            <param index="4">
              <value>
                <![CDATA[http://energycommunity.planbox.com/default/home/homepage]]>
              </value>
            </param>
            <param index="5">
              <value>
                <![CDATA[Energy Community]]>
              </value>
            </param>
          </params>
          <exception class="org.openqa.selenium.NoSuchWindowException">
            <message>
              <![CDATA[no such window: target window already closed
from unknown error: web view not found
  (Session info: chrome=110.0.5481.177)
Build info: version: '4.7.2', revision: '4d4020c3b7'
System info: os.name: 'Mac OS X', os.arch: 'aarch64', os.version: '13.2.1', java.version: '17.0.3'
Driver info: org.openqa.selenium.chrome.ChromeDriver
Command: [eb827ffab403e24ce2972d790a7cc334, screenshot {}]
Capabilities {acceptInsecureCerts: false, browserName: chrome, browserVersion: 110.0.5481.177, chrome: {chromedriverVersion: 110.0.5481.77 (65ed616c6e8e..., userDataDir: /var/folders/9v/ttfw4v0x0ng...}, goog:chromeOptions: {debuggerAddress: localhost:49633}, networkConnectionEnabled: false, pageLoadStrategy: normal, platformName: MAC, proxy: Proxy(), se:cdp: ws://localhost:49633/devtoo..., se:cdpVersion: 110.0.5481.177, setWindowRect: true, strictFileInteractability: false, timeouts: {implicit: 0, pageLoad: 300000, script: 30000}, unhandledPromptBehavior: dismiss and notify, webauthn:extension:credBlob: true, webauthn:extension:largeBlob: true, webauthn:virtualAuthenticators: true}
Session ID: eb827ffab403e24ce2972d790a7cc334]]>
            </message>
            <full-stacktrace>
              <![CDATA[org.openqa.selenium.NoSuchWindowException: no such window: target window already closed
from unknown error: web view not found
  (Session info: chrome=110.0.5481.177)
Build info: version: '4.7.2', revision: '4d4020c3b7'
System info: os.name: 'Mac OS X', os.arch: 'aarch64', os.version: '13.2.1', java.version: '17.0.3'
Driver info: org.openqa.selenium.chrome.ChromeDriver
Command: [eb827ffab403e24ce2972d790a7cc334, screenshot {}]
Capabilities {acceptInsecureCerts: false, browserName: chrome, browserVersion: 110.0.5481.177, chrome: {chromedriverVersion: 110.0.5481.77 (65ed616c6e8e..., userDataDir: /var/folders/9v/ttfw4v0x0ng...}, goog:chromeOptions: {debuggerAddress: localhost:49633}, networkConnectionEnabled: false, pageLoadStrategy: normal, platformName: MAC, proxy: Proxy(), se:cdp: ws://localhost:49633/devtoo..., se:cdpVersion: 110.0.5481.177, setWindowRect: true, strictFileInteractability: false, timeouts: {implicit: 0, pageLoad: 300000, script: 30000}, unhandledPromptBehavior: dismiss and notify, webauthn:extension:credBlob: true, webauthn:extension:largeBlob: true, webauthn:virtualAuthenticators: true}
Session ID: eb827ffab403e24ce2972d790a7cc334
at jdk.internal.reflect.GeneratedConstructorAccessor20.newInstance(Unknown Source)
at java.base/jdk.internal.reflect.DelegatingConstructorAccessorImpl.newInstance(DelegatingConstructorAccessorImpl.java:45)
at java.base/java.lang.reflect.Constructor.newInstanceWithCaller(Constructor.java:499)
at java.base/java.lang.reflect.Constructor.newInstance(Constructor.java:480)
at org.openqa.selenium.remote.codec.w3c.W3CHttpResponseCodec.createException(W3CHttpResponseCodec.java:200)
at org.openqa.selenium.remote.codec.w3c.W3CHttpResponseCodec.decode(W3CHttpResponseCodec.java:133)
at org.openqa.selenium.remote.codec.w3c.W3CHttpResponseCodec.decode(W3CHttpResponseCodec.java:53)
at org.openqa.selenium.remote.HttpCommandExecutor.execute(HttpCommandExecutor.java:184)
at org.openqa.selenium.remote.service.DriverCommandExecutor.invokeExecute(DriverCommandExecutor.java:167)
at org.openqa.selenium.remote.service.DriverCommandExecutor.execute(DriverCommandExecutor.java:142)
at org.openqa.selenium.remote.RemoteWebDriver.execute(RemoteWebDriver.java:535)
at org.openqa.selenium.remote.RemoteWebDriver.execute(RemoteWebDriver.java:590)
at org.openqa.selenium.remote.RemoteWebDriver.execute(RemoteWebDriver.java:594)
at org.openqa.selenium.remote.RemoteWebDriver.getScreenshotAs(RemoteWebDriver.java:317)
at planbox.maven.baseReport.getScreenShot(baseReport.java:148)
at planbox.maven.baseReport.getResult(baseReport.java:169)
at java.base/jdk.internal.reflect.NativeMethodAccessorImpl.invoke0(Native Method)
at java.base/jdk.internal.reflect.NativeMethodAccessorImpl.invoke(NativeMethodAccessorImpl.java:77)
at java.base/jdk.internal.reflect.DelegatingMethodAccessorImpl.invoke(DelegatingMethodAccessorImpl.java:43)
at java.base/java.lang.reflect.Method.invoke(Method.java:568)
at org.testng.internal.invokers.MethodInvocationHelper.invokeMethod(MethodInvocationHelper.java:139)
at org.testng.internal.invokers.MethodInvocationHelper.invokeMethodConsideringTimeout(MethodInvocationHelper.java:69)
at org.testng.internal.invokers.ConfigInvoker.invokeConfigurationMethod(ConfigInvoker.java:361)
at org.testng.internal.invokers.ConfigInvoker.invokeConfigurations(ConfigInvoker.java:296)
at org.testng.internal.invokers.TestInvoker.runConfigMethods(TestInvoker.java:823)
at org.testng.internal.invokers.TestInvoker.runAfterConfigurations(TestInvoker.java:792)
at org.testng.internal.invokers.TestInvoker.invokeMethod(TestInvoker.java:768)
at org.testng.internal.invokers.TestInvoker.invokeTestMethod(TestInvoker.java:221)
at org.testng.internal.invokers.MethodRunner.runInSequence(MethodRunner.java:50)
at org.testng.internal.invokers.TestInvoker$MethodInvocationAgent.invoke(TestInvoker.java:969)
at org.testng.internal.invokers.TestInvoker.invokeTestMethods(TestInvoker.java:194)
at org.testng.internal.invokers.TestMethodWorker.invokeTestMethods(TestMethodWorker.java:148)
at org.testng.internal.invokers.TestMethodWorker.run(TestMethodWorker.java:128)
at java.base/java.util.ArrayList.forEach(ArrayList.java:1511)
at org.testng.TestRunner.privateRun(TestRunner.java:829)
at org.testng.TestRunner.run(TestRunner.java:602)
at org.testng.SuiteRunner.runTest(SuiteRunner.java:437)
at org.testng.SuiteRunner.runSequentially(SuiteRunner.java:431)
at org.testng.SuiteRunner.privateRun(SuiteRunner.java:391)
at org.testng.SuiteRunner.run(SuiteRunner.java:330)
at org.testng.SuiteRunnerWorker.runSuite(SuiteRunnerWorker.java:52)
at org.testng.SuiteRunnerWorker.run(SuiteRunnerWorker.java:95)
at org.testng.TestNG.runSuitesSequentially(TestNG.java:1256)
at org.testng.TestNG.runSuitesLocally(TestNG.java:1176)
at org.testng.TestNG.runSuites(TestNG.java:1099)
at org.testng.TestNG.run(TestNG.java:1067)
at org.testng.remote.AbstractRemoteTestNG.run(AbstractRemoteTestNG.java:115)
at org.testng.remote.RemoteTestNG.initAndRun(RemoteTestNG.java:251)
at org.testng.remote.RemoteTestNG.main(RemoteTestNG.java:77)
]]>
            </full-stacktrace>
          </exception> <!-- org.openqa.selenium.NoSuchWindowException -->
          <reporter-output>
          </reporter-output>
        </test-method> <!-- main -->
        <test-method signature="main(java.lang.String,java.lang.String,java.lang.String,java.lang.String,java.lang.String,java.lang.String)[pri:1, instance:planbox.maven.AppTest@7161d8d1]" started-at="2023-03-12T13:38:36 EDT" name="main" data-provider="URLS" finished-at="2023-03-12T13:38:36 EDT" duration-ms="0" status="SKIP">
          <params>
            <param index="0">
              <value>
                <![CDATA[https://onecoverys.planbox.com/default/Login?signInWithSecretKey=true]]>
              </value>
            </param>
            <param index="1">
              <value>
                <![CDATA[1e7b79e5bf5c471493378ffaafa5e7ce:N3F7L0oqziGFNek1wxQF4wQToHhl7doShoHEeP7DMeLoUtEHs43MIlrdTk81x6YqUENum2KSK3Bnk2KB7tD2FPjj7khe6dxGcSvPKvI32RISMfEW8SIICvTjQ5MK2M1H]]>
              </value>
            </param>
            <param index="2">
              <value>
                <![CDATA[https://onecoverys.planbox.com/Coverys/Challenges]]>
              </value>
            </param>
            <param index="3">
              <value>
                <![CDATA[https://onecoverys.planbox.com/Coverys/Ideas]]>
              </value>
            </param>
            <param index="4">
              <value>
                <![CDATA[https://onecoverys.planbox.com/Coverys/home/homepage]]>
              </value>
            </param>
            <param index="5">
              <value>
                <![CDATA[Oneconvery]]>
              </value>
            </param>
          </params>
          <exception class="org.openqa.selenium.NoSuchWindowException">
            <message>
              <![CDATA[no such window: target window already closed
from unknown error: web view not found
  (Session info: chrome=110.0.5481.177)
Build info: version: '4.7.2', revision: '4d4020c3b7'
System info: os.name: 'Mac OS X', os.arch: 'aarch64', os.version: '13.2.1', java.version: '17.0.3'
Driver info: org.openqa.selenium.chrome.ChromeDriver
Command: [eb827ffab403e24ce2972d790a7cc334, screenshot {}]
Capabilities {acceptInsecureCerts: false, browserName: chrome, browserVersion: 110.0.5481.177, chrome: {chromedriverVersion: 110.0.5481.77 (65ed616c6e8e..., userDataDir: /var/folders/9v/ttfw4v0x0ng...}, goog:chromeOptions: {debuggerAddress: localhost:49633}, networkConnectionEnabled: false, pageLoadStrategy: normal, platformName: MAC, proxy: Proxy(), se:cdp: ws://localhost:49633/devtoo..., se:cdpVersion: 110.0.5481.177, setWindowRect: true, strictFileInteractability: false, timeouts: {implicit: 0, pageLoad: 300000, script: 30000}, unhandledPromptBehavior: dismiss and notify, webauthn:extension:credBlob: true, webauthn:extension:largeBlob: true, webauthn:virtualAuthenticators: true}
Session ID: eb827ffab403e24ce2972d790a7cc334]]>
            </message>
            <full-stacktrace>
              <![CDATA[org.openqa.selenium.NoSuchWindowException: no such window: target window already closed
from unknown error: web view not found
  (Session info: chrome=110.0.5481.177)
Build info: version: '4.7.2', revision: '4d4020c3b7'
System info: os.name: 'Mac OS X', os.arch: 'aarch64', os.version: '13.2.1', java.version: '17.0.3'
Driver info: org.openqa.selenium.chrome.ChromeDriver
Command: [eb827ffab403e24ce2972d790a7cc334, screenshot {}]
Capabilities {acceptInsecureCerts: false, browserName: chrome, browserVersion: 110.0.5481.177, chrome: {chromedriverVersion: 110.0.5481.77 (65ed616c6e8e..., userDataDir: /var/folders/9v/ttfw4v0x0ng...}, goog:chromeOptions: {debuggerAddress: localhost:49633}, networkConnectionEnabled: false, pageLoadStrategy: normal, platformName: MAC, proxy: Proxy(), se:cdp: ws://localhost:49633/devtoo..., se:cdpVersion: 110.0.5481.177, setWindowRect: true, strictFileInteractability: false, timeouts: {implicit: 0, pageLoad: 300000, script: 30000}, unhandledPromptBehavior: dismiss and notify, webauthn:extension:credBlob: true, webauthn:extension:largeBlob: true, webauthn:virtualAuthenticators: true}
Session ID: eb827ffab403e24ce2972d790a7cc334
at jdk.internal.reflect.GeneratedConstructorAccessor20.newInstance(Unknown Source)
at java.base/jdk.internal.reflect.DelegatingConstructorAccessorImpl.newInstance(DelegatingConstructorAccessorImpl.java:45)
at java.base/java.lang.reflect.Constructor.newInstanceWithCaller(Constructor.java:499)
at java.base/java.lang.reflect.Constructor.newInstance(Constructor.java:480)
at org.openqa.selenium.remote.codec.w3c.W3CHttpResponseCodec.createException(W3CHttpResponseCodec.java:200)
at org.openqa.selenium.remote.codec.w3c.W3CHttpResponseCodec.decode(W3CHttpResponseCodec.java:133)
at org.openqa.selenium.remote.codec.w3c.W3CHttpResponseCodec.decode(W3CHttpResponseCodec.java:53)
at org.openqa.selenium.remote.HttpCommandExecutor.execute(HttpCommandExecutor.java:184)
at org.openqa.selenium.remote.service.DriverCommandExecutor.invokeExecute(DriverCommandExecutor.java:167)
at org.openqa.selenium.remote.service.DriverCommandExecutor.execute(DriverCommandExecutor.java:142)
at org.openqa.selenium.remote.RemoteWebDriver.execute(RemoteWebDriver.java:535)
at org.openqa.selenium.remote.RemoteWebDriver.execute(RemoteWebDriver.java:590)
at org.openqa.selenium.remote.RemoteWebDriver.execute(RemoteWebDriver.java:594)
at org.openqa.selenium.remote.RemoteWebDriver.getScreenshotAs(RemoteWebDriver.java:317)
at planbox.maven.baseReport.getScreenShot(baseReport.java:148)
at planbox.maven.baseReport.getResult(baseReport.java:169)
at java.base/jdk.internal.reflect.NativeMethodAccessorImpl.invoke0(Native Method)
at java.base/jdk.internal.reflect.NativeMethodAccessorImpl.invoke(NativeMethodAccessorImpl.java:77)
at java.base/jdk.internal.reflect.DelegatingMethodAccessorImpl.invoke(DelegatingMethodAccessorImpl.java:43)
at java.base/java.lang.reflect.Method.invoke(Method.java:568)
at org.testng.internal.invokers.MethodInvocationHelper.invokeMethod(MethodInvocationHelper.java:139)
at org.testng.internal.invokers.MethodInvocationHelper.invokeMethodConsideringTimeout(MethodInvocationHelper.java:69)
at org.testng.internal.invokers.ConfigInvoker.invokeConfigurationMethod(ConfigInvoker.java:361)
at org.testng.internal.invokers.ConfigInvoker.invokeConfigurations(ConfigInvoker.java:296)
at org.testng.internal.invokers.TestInvoker.runConfigMethods(TestInvoker.java:823)
at org.testng.internal.invokers.TestInvoker.runAfterConfigurations(TestInvoker.java:792)
at org.testng.internal.invokers.TestInvoker.invokeMethod(TestInvoker.java:768)
at org.testng.internal.invokers.TestInvoker.invokeTestMethod(TestInvoker.java:221)
at org.testng.internal.invokers.MethodRunner.runInSequence(MethodRunner.java:50)
at org.testng.internal.invokers.TestInvoker$MethodInvocationAgent.invoke(TestInvoker.java:969)
at org.testng.internal.invokers.TestInvoker.invokeTestMethods(TestInvoker.java:194)
at org.testng.internal.invokers.TestMethodWorker.invokeTestMethods(TestMethodWorker.java:148)
at org.testng.internal.invokers.TestMethodWorker.run(TestMethodWorker.java:128)
at java.base/java.util.ArrayList.forEach(ArrayList.java:1511)
at org.testng.TestRunner.privateRun(TestRunner.java:829)
at org.testng.TestRunner.run(TestRunner.java:602)
at org.testng.SuiteRunner.runTest(SuiteRunner.java:437)
at org.testng.SuiteRunner.runSequentially(SuiteRunner.java:431)
at org.testng.SuiteRunner.privateRun(SuiteRunner.java:391)
at org.testng.SuiteRunner.run(SuiteRunner.java:330)
at org.testng.SuiteRunnerWorker.runSuite(SuiteRunnerWorker.java:52)
at org.testng.SuiteRunnerWorker.run(SuiteRunnerWorker.java:95)
at org.testng.TestNG.runSuitesSequentially(TestNG.java:1256)
at org.testng.TestNG.runSuitesLocally(TestNG.java:1176)
at org.testng.TestNG.runSuites(TestNG.java:1099)
at org.testng.TestNG.run(TestNG.java:1067)
at org.testng.remote.AbstractRemoteTestNG.run(AbstractRemoteTestNG.java:115)
at org.testng.remote.RemoteTestNG.initAndRun(RemoteTestNG.java:251)
at org.testng.remote.RemoteTestNG.main(RemoteTestNG.java:77)
]]>
            </full-stacktrace>
          </exception> <!-- org.openqa.selenium.NoSuchWindowException -->
          <reporter-output>
          </reporter-output>
        </test-method> <!-- main -->
        <test-method is-config="true" signature="getResult(org.testng.ITestResult)[pri:0, instance:planbox.maven.AppTest@7161d8d1]" started-at="2023-03-12T13:38:36 EDT" name="getResult" finished-at="2023-03-12T13:38:36 EDT" duration-ms="0" status="SKIP">
          <reporter-output>
          </reporter-output>
        </test-method> <!-- getResult -->
        <test-method is-config="true" signature="getResult(org.testng.ITestResult)[pri:0, instance:planbox.maven.AppTest@7161d8d1]" started-at="2023-03-12T13:38:36 EDT" name="getResult" finished-at="2023-03-12T13:38:36 EDT" duration-ms="0" status="SKIP">
          <reporter-output>
          </reporter-output>
        </test-method> <!-- getResult -->
        <test-method signature="main(java.lang.String,java.lang.String,java.lang.String,java.lang.String,java.lang.String,java.lang.String)[pri:1, instance:planbox.maven.AppTest@7161d8d1]" started-at="2023-03-12T13:38:36 EDT" name="main" data-provider="URLS" finished-at="2023-03-12T13:38:36 EDT" duration-ms="0" status="SKIP">
          <params>
            <param index="0">
              <value>
                <![CDATA[https://libertymutual-solarialabs.planbox.com/default/login?signinwithsecretkey=true]]>
              </value>
            </param>
            <param index="1">
              <value>
                <![CDATA[1e7b79e5bf5c471493378ffaafa5e7ce:N3F7L0oqziGFNek1wxQF4wQToHhl7doShoHEeP7DMeLoUtEHs43MIlrdTk81x6YqUENum2KSK3Bnk2KB7tD2FPjj7khe6dxGcSvPKvI32RISMfEW8SIICvTjQ5MK2M1H]]>
              </value>
            </param>
            <param index="2">
              <value>
                <![CDATA[https://libertymutual-solarialabs.planbox.com/default/challenges]]>
              </value>
            </param>
            <param index="3">
              <value>
                <![CDATA[https://libertymutual-solarialabs.planbox.com/default/ideas]]>
              </value>
            </param>
            <param index="4">
              <value>
                <![CDATA[https://libertymutual-solarialabs.planbox.com/default/home/homepage]]>
              </value>
            </param>
            <param index="5">
              <value>
                <![CDATA[Libertymutual]]>
              </value>
            </param>
          </params>
          <exception class="org.openqa.selenium.NoSuchWindowException">
            <message>
              <![CDATA[no such window: target window already closed
from unknown error: web view not found
  (Session info: chrome=110.0.5481.177)
Build info: version: '4.7.2', revision: '4d4020c3b7'
System info: os.name: 'Mac OS X', os.arch: 'aarch64', os.version: '13.2.1', java.version: '17.0.3'
Driver info: org.openqa.selenium.chrome.ChromeDriver
Command: [eb827ffab403e24ce2972d790a7cc334, screenshot {}]
Capabilities {acceptInsecureCerts: false, browserName: chrome, browserVersion: 110.0.5481.177, chrome: {chromedriverVersion: 110.0.5481.77 (65ed616c6e8e..., userDataDir: /var/folders/9v/ttfw4v0x0ng...}, goog:chromeOptions: {debuggerAddress: localhost:49633}, networkConnectionEnabled: false, pageLoadStrategy: normal, platformName: MAC, proxy: Proxy(), se:cdp: ws://localhost:49633/devtoo..., se:cdpVersion: 110.0.5481.177, setWindowRect: true, strictFileInteractability: false, timeouts: {implicit: 0, pageLoad: 300000, script: 30000}, unhandledPromptBehavior: dismiss and notify, webauthn:extension:credBlob: true, webauthn:extension:largeBlob: true, webauthn:virtualAuthenticators: true}
Session ID: eb827ffab403e24ce2972d790a7cc334]]>
            </message>
            <full-stacktrace>
              <![CDATA[org.openqa.selenium.NoSuchWindowException: no such window: target window already closed
from unknown error: web view not found
  (Session info: chrome=110.0.5481.177)
Build info: version: '4.7.2', revision: '4d4020c3b7'
System info: os.name: 'Mac OS X', os.arch: 'aarch64', os.version: '13.2.1', java.version: '17.0.3'
Driver info: org.openqa.selenium.chrome.ChromeDriver
Command: [eb827ffab403e24ce2972d790a7cc334, screenshot {}]
Capabilities {acceptInsecureCerts: false, browserName: chrome, browserVersion: 110.0.5481.177, chrome: {chromedriverVersion: 110.0.5481.77 (65ed616c6e8e..., userDataDir: /var/folders/9v/ttfw4v0x0ng...}, goog:chromeOptions: {debuggerAddress: localhost:49633}, networkConnectionEnabled: false, pageLoadStrategy: normal, platformName: MAC, proxy: Proxy(), se:cdp: ws://localhost:49633/devtoo..., se:cdpVersion: 110.0.5481.177, setWindowRect: true, strictFileInteractability: false, timeouts: {implicit: 0, pageLoad: 300000, script: 30000}, unhandledPromptBehavior: dismiss and notify, webauthn:extension:credBlob: true, webauthn:extension:largeBlob: true, webauthn:virtualAuthenticators: true}
Session ID: eb827ffab403e24ce2972d790a7cc334
at jdk.internal.reflect.GeneratedConstructorAccessor20.newInstance(Unknown Source)
at java.base/jdk.internal.reflect.DelegatingConstructorAccessorImpl.newInstance(DelegatingConstructorAccessorImpl.java:45)
at java.base/java.lang.reflect.Constructor.newInstanceWithCaller(Constructor.java:499)
at java.base/java.lang.reflect.Constructor.newInstance(Constructor.java:480)
at org.openqa.selenium.remote.codec.w3c.W3CHttpResponseCodec.createException(W3CHttpResponseCodec.java:200)
at org.openqa.selenium.remote.codec.w3c.W3CHttpResponseCodec.decode(W3CHttpResponseCodec.java:133)
at org.openqa.selenium.remote.codec.w3c.W3CHttpResponseCodec.decode(W3CHttpResponseCodec.java:53)
at org.openqa.selenium.remote.HttpCommandExecutor.execute(HttpCommandExecutor.java:184)
at org.openqa.selenium.remote.service.DriverCommandExecutor.invokeExecute(DriverCommandExecutor.java:167)
at org.openqa.selenium.remote.service.DriverCommandExecutor.execute(DriverCommandExecutor.java:142)
at org.openqa.selenium.remote.RemoteWebDriver.execute(RemoteWebDriver.java:535)
at org.openqa.selenium.remote.RemoteWebDriver.execute(RemoteWebDriver.java:590)
at org.openqa.selenium.remote.RemoteWebDriver.execute(RemoteWebDriver.java:594)
at org.openqa.selenium.remote.RemoteWebDriver.getScreenshotAs(RemoteWebDriver.java:317)
at planbox.maven.baseReport.getScreenShot(baseReport.java:148)
at planbox.maven.baseReport.getResult(baseReport.java:169)
at java.base/jdk.internal.reflect.NativeMethodAccessorImpl.invoke0(Native Method)
at java.base/jdk.internal.reflect.NativeMethodAccessorImpl.invoke(NativeMethodAccessorImpl.java:77)
at java.base/jdk.internal.reflect.DelegatingMethodAccessorImpl.invoke(DelegatingMethodAccessorImpl.java:43)
at java.base/java.lang.reflect.Method.invoke(Method.java:568)
at org.testng.internal.invokers.MethodInvocationHelper.invokeMethod(MethodInvocationHelper.java:139)
at org.testng.internal.invokers.MethodInvocationHelper.invokeMethodConsideringTimeout(MethodInvocationHelper.java:69)
at org.testng.internal.invokers.ConfigInvoker.invokeConfigurationMethod(ConfigInvoker.java:361)
at org.testng.internal.invokers.ConfigInvoker.invokeConfigurations(ConfigInvoker.java:296)
at org.testng.internal.invokers.TestInvoker.runConfigMethods(TestInvoker.java:823)
at org.testng.internal.invokers.TestInvoker.runAfterConfigurations(TestInvoker.java:792)
at org.testng.internal.invokers.TestInvoker.invokeMethod(TestInvoker.java:768)
at org.testng.internal.invokers.TestInvoker.invokeTestMethod(TestInvoker.java:221)
at org.testng.internal.invokers.MethodRunner.runInSequence(MethodRunner.java:50)
at org.testng.internal.invokers.TestInvoker$MethodInvocationAgent.invoke(TestInvoker.java:969)
at org.testng.internal.invokers.TestInvoker.invokeTestMethods(TestInvoker.java:194)
at org.testng.internal.invokers.TestMethodWorker.invokeTestMethods(TestMethodWorker.java:148)
at org.testng.internal.invokers.TestMethodWorker.run(TestMethodWorker.java:128)
at java.base/java.util.ArrayList.forEach(ArrayList.java:1511)
at org.testng.TestRunner.privateRun(TestRunner.java:829)
at org.testng.TestRunner.run(TestRunner.java:602)
at org.testng.SuiteRunner.runTest(SuiteRunner.java:437)
at org.testng.SuiteRunner.runSequentially(SuiteRunner.java:431)
at org.testng.SuiteRunner.privateRun(SuiteRunner.java:391)
at org.testng.SuiteRunner.run(SuiteRunner.java:330)
at org.testng.SuiteRunnerWorker.runSuite(SuiteRunnerWorker.java:52)
at org.testng.SuiteRunnerWorker.run(SuiteRunnerWorker.java:95)
at org.testng.TestNG.runSuitesSequentially(TestNG.java:1256)
at org.testng.TestNG.runSuitesLocally(TestNG.java:1176)
at org.testng.TestNG.runSuites(TestNG.java:1099)
at org.testng.TestNG.run(TestNG.java:1067)
at org.testng.remote.AbstractRemoteTestNG.run(AbstractRemoteTestNG.java:115)
at org.testng.remote.RemoteTestNG.initAndRun(RemoteTestNG.java:251)
at org.testng.remote.RemoteTestNG.main(RemoteTestNG.java:77)
]]>
            </full-stacktrace>
          </exception> <!-- org.openqa.selenium.NoSuchWindowException -->
          <reporter-output>
          </reporter-output>
        </test-method> <!-- main -->
        <test-method is-config="true" signature="getResult(org.testng.ITestResult)[pri:0, instance:planbox.maven.AppTest@7161d8d1]" started-at="2023-03-12T13:38:36 EDT" name="getResult" finished-at="2023-03-12T13:38:36 EDT" duration-ms="0" status="SKIP">
          <reporter-output>
          </reporter-output>
        </test-method> <!-- getResult -->
        <test-method signature="main(java.lang.String,java.lang.String,java.lang.String,java.lang.String,java.lang.String,java.lang.String)[pri:1, instance:planbox.maven.AppTest@7161d8d1]" started-at="2023-03-12T13:38:36 EDT" name="main" data-provider="URLS" finished-at="2023-03-12T13:38:36 EDT" duration-ms="0" status="SKIP">
          <params>
            <param index="0">
              <value>
                <![CDATA[https://baxter.planbox.com/default/login?signinwithsecretkey=true]]>
              </value>
            </param>
            <param index="1">
              <value>
                <![CDATA[1e7b79e5bf5c471493378ffaafa5e7ce:N3F7L0oqziGFNek1wxQF4wQToHhl7doShoHEeP7DMeLoUtEHs43MIlrdTk81x6YqUENum2KSK3Bnk2KB7tD2FPjj7khe6dxGcSvPKvI32RISMfEW8SIICvTjQ5MK2M1H]]>
              </value>
            </param>
            <param index="2">
              <value>
                <![CDATA[https://baxter.planbox.com/default/challenges]]>
              </value>
            </param>
            <param index="3">
              <value>
                <![CDATA[https://baxter.planbox.com/default/ideas]]>
              </value>
            </param>
            <param index="4">
              <value>
                <![CDATA[https://baxter.planbox.com/default/home/homepage]]>
              </value>
            </param>
            <param index="5">
              <value>
                <![CDATA[Baxter]]>
              </value>
            </param>
          </params>
          <exception class="org.openqa.selenium.NoSuchWindowException">
            <message>
              <![CDATA[no such window: target window already closed
from unknown error: web view not found
  (Session info: chrome=110.0.5481.177)
Build info: version: '4.7.2', revision: '4d4020c3b7'
System info: os.name: 'Mac OS X', os.arch: 'aarch64', os.version: '13.2.1', java.version: '17.0.3'
Driver info: org.openqa.selenium.chrome.ChromeDriver
Command: [eb827ffab403e24ce2972d790a7cc334, screenshot {}]
Capabilities {acceptInsecureCerts: false, browserName: chrome, browserVersion: 110.0.5481.177, chrome: {chromedriverVersion: 110.0.5481.77 (65ed616c6e8e..., userDataDir: /var/folders/9v/ttfw4v0x0ng...}, goog:chromeOptions: {debuggerAddress: localhost:49633}, networkConnectionEnabled: false, pageLoadStrategy: normal, platformName: MAC, proxy: Proxy(), se:cdp: ws://localhost:49633/devtoo..., se:cdpVersion: 110.0.5481.177, setWindowRect: true, strictFileInteractability: false, timeouts: {implicit: 0, pageLoad: 300000, script: 30000}, unhandledPromptBehavior: dismiss and notify, webauthn:extension:credBlob: true, webauthn:extension:largeBlob: true, webauthn:virtualAuthenticators: true}
Session ID: eb827ffab403e24ce2972d790a7cc334]]>
            </message>
            <full-stacktrace>
              <![CDATA[org.openqa.selenium.NoSuchWindowException: no such window: target window already closed
from unknown error: web view not found
  (Session info: chrome=110.0.5481.177)
Build info: version: '4.7.2', revision: '4d4020c3b7'
System info: os.name: 'Mac OS X', os.arch: 'aarch64', os.version: '13.2.1', java.version: '17.0.3'
Driver info: org.openqa.selenium.chrome.ChromeDriver
Command: [eb827ffab403e24ce2972d790a7cc334, screenshot {}]
Capabilities {acceptInsecureCerts: false, browserName: chrome, browserVersion: 110.0.5481.177, chrome: {chromedriverVersion: 110.0.5481.77 (65ed616c6e8e..., userDataDir: /var/folders/9v/ttfw4v0x0ng...}, goog:chromeOptions: {debuggerAddress: localhost:49633}, networkConnectionEnabled: false, pageLoadStrategy: normal, platformName: MAC, proxy: Proxy(), se:cdp: ws://localhost:49633/devtoo..., se:cdpVersion: 110.0.5481.177, setWindowRect: true, strictFileInteractability: false, timeouts: {implicit: 0, pageLoad: 300000, script: 30000}, unhandledPromptBehavior: dismiss and notify, webauthn:extension:credBlob: true, webauthn:extension:largeBlob: true, webauthn:virtualAuthenticators: true}
Session ID: eb827ffab403e24ce2972d790a7cc334
at jdk.internal.reflect.GeneratedConstructorAccessor20.newInstance(Unknown Source)
at java.base/jdk.internal.reflect.DelegatingConstructorAccessorImpl.newInstance(DelegatingConstructorAccessorImpl.java:45)
at java.base/java.lang.reflect.Constructor.newInstanceWithCaller(Constructor.java:499)
at java.base/java.lang.reflect.Constructor.newInstance(Constructor.java:480)
at org.openqa.selenium.remote.codec.w3c.W3CHttpResponseCodec.createException(W3CHttpResponseCodec.java:200)
at org.openqa.selenium.remote.codec.w3c.W3CHttpResponseCodec.decode(W3CHttpResponseCodec.java:133)
at org.openqa.selenium.remote.codec.w3c.W3CHttpResponseCodec.decode(W3CHttpResponseCodec.java:53)
at org.openqa.selenium.remote.HttpCommandExecutor.execute(HttpCommandExecutor.java:184)
at org.openqa.selenium.remote.service.DriverCommandExecutor.invokeExecute(DriverCommandExecutor.java:167)
at org.openqa.selenium.remote.service.DriverCommandExecutor.execute(DriverCommandExecutor.java:142)
at org.openqa.selenium.remote.RemoteWebDriver.execute(RemoteWebDriver.java:535)
at org.openqa.selenium.remote.RemoteWebDriver.execute(RemoteWebDriver.java:590)
[...]
at org.testng.internal.invokers.TestInvoker.runConfigMethods(TestInvoker.java:823)
at org.testng.internal.invokers.TestInvoker.runAfterConfigurations(TestInvoker.java:792)
at org.testng.internal.invokers.TestInvoker.invokeMethod(TestInvoker.java:768)
at org.testng.internal.invokers.TestInvoker.invokeTestMethod(TestInvoker.java:221)
at org.testng.internal.invokers.MethodRunner.runInSequence(MethodRunner.java:50)
at org.testng.internal.invokers.TestInvoker$MethodInvocationAgent.invoke(TestInvoker.java:969)
at org.testng.internal.invokers.TestInvoker.invokeTestMethods(TestInvoker.java:194)
at org.testng.internal.invokers.TestMethodWorker.invokeTestMethods(TestMethodWorker.java:148)
at org.testng.internal.invokers.TestMethodWorker.run(TestMethodWorker.java:128)
at java.base/java.util.ArrayList.forEach(ArrayList.java:1511)
at org.testng.TestRunner.privateRun(TestRunner.java:829)
at org.testng.TestRunner.run(TestRunner.java:602)
at org.testng.SuiteRunner.runTest(SuiteRunner.java:437)
at org.testng.SuiteRunner.runSequentially(SuiteRunner.java:431)
at org.testng.SuiteRunner.privateRun(SuiteRunner.java:391)
at org.testng.SuiteRunner.run(SuiteRunner.java:330)
at org.testng.SuiteRunnerWorker.runSuite(SuiteRunnerWorker.java:52)
at org.testng.SuiteRunnerWorker.run(SuiteRunnerWorker.java:95)
at org.testng.TestNG.runSuitesSequentially(TestNG.java:1256)
at org.testng.TestNG.runSuitesLocally(TestNG.java:1176)
at org.testng.TestNG.runSuites(TestNG.java:1099)
at org.testng.TestNG.run(TestNG.java:1067)
at org.testng.remote.AbstractRemoteTestNG.run(AbstractRemoteTestNG.java:115)
at org.testng.remote.RemoteTestNG.initAndRun(RemoteTestNG.java:251)
at org.testng.remote.RemoteTestNG.main(RemoteTestNG.java:77)
]]>
            </full-stacktrace>
          </exception> <!-- org.openqa.selenium.NoSuchWindowException -->
          <reporter-output>
          </reporter-output>
        </test-method> <!-- main -->
        <test-method is-config="true" signature="getResult(org.testng.ITestResult)[pri:0, instance:planbox.maven.AppTest@7161d8d1]" started-at="2023-03-12T13:38:36 EDT" name="getResult" finished-at="2023-03-12T13:38:36 EDT" duration-ms="0" status="SKIP">
          <reporter-output>
          </reporter-output>
        </test-method> <!-- getResult -->
        <test-method signature="main(java.lang.String,java.lang.String,java.lang.String,java.lang.String,java.lang.String,java.lang.String)[pri:1, instance:planbox.maven.AppTest@7161d8d1]" started-at="2023-03-12T13:38:36 EDT" name="main" data-provider="URLS" finished-at="2023-03-12T13:38:36 EDT" duration-ms="0" status="SKIP">
          <params>
            <param index="0">
              <value>
                <![CDATA[https://planbox.ca/laval_innov-default/Login?signinwithsecretkey=true]]>
              </value>
            </param>
            <param index="1">
              <value>
                <![CDATA[1e7b79e5bf5c471493378ffaafa5e7ce:N3F7L0oqziGFNek1wxQF4wQToHhl7doShoHEeP7DMeLoUtEHs43MIlrdTk81x6YqUENum2KSK3Bnk2KB7tD2FPjj7khe6dxGcSvPKvI32RISMfEW8SIICvTjQ5MK2M1H]]>
              </value>
            </param>
            <param index="2">
              <value>
                <![CDATA[https://planbox.ca/laval_innov-default/challenges]]>
              </value>
            </param>
            <param index="3">
              <value>
                <![CDATA[https://planbox.ca/laval_innov-default/ideas]]>
              </value>
            </param>
            <param index="4">
              <value>
                <![CDATA[https://planbox.ca/laval_innov-default/home/homepage]]>
              </value>
            </param>
            <param index="5">
              <value>
                <![CDATA[Laval innov]]>
              </value>
            </param>
          </params>
          <exception class="org.openqa.selenium.NoSuchWindowException">
            <message>
              <![CDATA[no such window: target window already closed
from unknown error: web view not found
  (Session info: chrome=110.0.5481.177)
Build info: version: '4.7.2', revision: '4d4020c3b7'
System info: os.name: 'Mac OS X', os.arch: 'aarch64', os.version: '13.2.1', java.version: '17.0.3'
Driver info: org.openqa.selenium.chrome.ChromeDriver
Command: [eb827ffab403e24ce2972d790a7cc334, screenshot {}]
Capabilities {acceptInsecureCerts: false, browserName: chrome, browserVersion: 110.0.5481.177, chrome: {chromedriverVersion: 110.0.5481.77 (65ed616c6e8e..., userDataDir: /var/folders/9v/ttfw4v0x0ng...}, goog:chromeOptions: {debuggerAddress: localhost:49633}, networkConnectionEnabled: false, pageLoadStrategy: normal, platformName: MAC, proxy: Proxy(), se:cdp: ws://localhost:49633/devtoo..., se:cdpVersion: 110.0.5481.177, setWindowRect: true, strictFileInteractability: false, timeouts: {implicit: 0, pageLoad: 300000, script: 30000}, unhandledPromptBehavior: dismiss and notify, webauthn:extension:credBlob: true, webauthn:extension:largeBlob: true, webauthn:virtualAuthenticators: true}
Session ID: eb827ffab403e24ce2972d790a7cc334]]>
            </message>
            <full-stacktrace>
              <![CDATA[org.openqa.selenium.NoSuchWindowException: no such window: target window already closed
from unknown error: web view not found
  (Session info: chrome=110.0.5481.177)
Build info: version: '4.7.2', revision: '4d4020c3b7'
System info: os.name: 'Mac OS X', os.arch: 'aarch64', os.version: '13.2.1', java.version: '17.0.3'
Driver info: org.openqa.selenium.chrome.ChromeDriver
Command: [eb827ffab403e24ce2972d790a7cc334, screenshot {}]
Capabilities {acceptInsecureCerts: false, browserName: chrome, browserVersion: 110.0.5481.177, chrome: {chromedriverVersion: 110.0.5481.77 (65ed616c6e8e..., userDataDir: /var/folders/9v/ttfw4v0x0ng...}, goog:chromeOptions: {debuggerAddress: localhost:49633}, networkConnectionEnabled: false, pageLoadStrategy: normal, platformName: MAC, proxy: Proxy(), se:cdp: ws://localhost:49633/devtoo..., se:cdpVersion: 110.0.5481.177, setWindowRect: true, strictFileInteractability: false, timeouts: {implicit: 0, pageLoad: 300000, script: 30000}, unhandledPromptBehavior: dismiss and notify, webauthn:extension:credBlob: true, webauthn:extension:largeBlob: true, webauthn:virtualAuthenticators: true}
Session ID: eb827ffab403e24ce2972d790a7cc334
at jdk.internal.reflect.GeneratedConstructorAccessor20.newInstance(Unknown Source)
at java.base/jdk.internal.reflect.DelegatingConstructorAccessorImpl.newInstance(DelegatingConstructorAccessorImpl.java:45)
at java.base/java.lang.reflect.Constructor.newInstanceWithCaller(Constructor.java:499)
at java.base/java.lang.reflect.Constructor.newInstance(Constructor.java:480)
at org.openqa.selenium.remote.codec.w3c.W3CHttpResponseCodec.createException(W3CHttpResponseCodec.java:200)
at org.openqa.selenium.remote.codec.w3c.W3CHttpResponseCodec.decode(W3CHttpResponseCodec.java:133)
at org.openqa.selenium.remote.codec.w3c.W3CHttpResponseCodec.decode(W3CHttpResponseCodec.java:53)
at org.openqa.selenium.remote.HttpCommandExecutor.execute(HttpCommandExecutor.java:184)
at org.openqa.selenium.remote.service.DriverCommandExecutor.invokeExecute(DriverCommandExecutor.java:167)
at org.openqa.selenium.remote.service.DriverCommandExecutor.execute(DriverCommandExecutor.java:142)
at org.openqa.selenium.remote.RemoteWebDriver.execute(RemoteWebDriver.java:535)
at org.openqa.selenium.remote.RemoteWebDriver.execute(RemoteWebDriver.java:590)
at org.openqa.selenium.remote.RemoteWebDriver.execute(RemoteWebDriver.java:594)
at org.openqa.selenium.remote.RemoteWebDriver.getScreenshotAs(RemoteWebDriver.java:317)
at planbox.maven.baseReport.getScreenShot(baseReport.java:148)
at planbox.maven.baseReport.getResult(baseReport.java:169)
at java.base/jdk.internal.reflect.NativeMethodAccessorImpl.invoke0(Native Method)
at java.base/jdk.internal.reflect.NativeMethodAccessorImpl.invoke(NativeMethodAccessorImpl.java:77)
at java.base/jdk.internal.reflect.DelegatingMethodAccessorImpl.invoke(DelegatingMethodAccessorImpl.java:43)
at java.base/java.lang.reflect.Method.invoke(Method.java:568)
at org.testng.internal.invokers.MethodInvocationHelper.invokeMethod(MethodInvocationHelper.java:139)
at org.testng.internal.invokers.MethodInvocationHelper.invokeMethodConsideringTimeout(MethodInvocationHelper.java:69)
at org.testng.internal.invokers.ConfigInvoker.invokeConfigurationMethod(ConfigInvoker.java:361)
at org.testng.internal.invokers.ConfigInvoker.invokeConfigurations(ConfigInvoker.java:296)
at org.testng.internal.invokers.TestInvoker.runConfigMethods(TestInvoker.java:823)
at org.testng.internal.invokers.TestInvoker.runAfterConfigurations(TestInvoker.java:792)
at org.testng.internal.invokers.TestInvoker.invokeMethod(TestInvoker.java:768)
at org.testng.internal.invokers.TestInvoker.invokeTestMethod(TestInvoker.java:221)
at org.testng.internal.invokers.MethodRunner.runInSequence(MethodRunner.java:50)
at org.testng.internal.invokers.TestInvoker$MethodInvocationAgent.invoke(TestInvoker.java:969)
at org.testng.internal.invokers.TestInvoker.invokeTestMethods(TestInvoker.java:194)
at org.testng.internal.invokers.TestMethodWorker.invokeTestMethods(TestMethodWorker.java:148)
at org.testng.internal.invokers.TestMethodWorker.run(TestMethodWorker.java:128)
at java.base/java.util.ArrayList.forEach(ArrayList.java:1511)
at org.testng.TestRunner.privateRun(TestRunner.java:829)
at org.testng.TestRunner.run(TestRunner.java:602)
at org.testng.SuiteRunner.runTest(SuiteRunner.java:437)
at org.testng.SuiteRunner.runSequentially(SuiteRunner.java:431)
at org.testng.SuiteRunner.privateRun(SuiteRunner.java:391)
at org.testng.SuiteRunner.run(SuiteRunner.java:330)
at org.testng.SuiteRunnerWorker.runSuite(SuiteRunnerWorker.java:52)
at org.testng.SuiteRunnerWorker.run(SuiteRunnerWorker.java:95)
at org.testng.TestNG.runSuitesSequentially(TestNG.java:1256)
at org.testng.TestNG.runSuitesLocally(TestNG.java:1176)
at org.testng.TestNG.runSuites(TestNG.java:1099)
at org.testng.TestNG.run(TestNG.java:1067)
at org.testng.remote.AbstractRemoteTestNG.run(AbstractRemoteTestNG.java:115)
at org.testng.remote.RemoteTestNG.initAndRun(RemoteTestNG.java:251)
at org.testng.remote.RemoteTestNG.main(RemoteTestNG.java:77)
]]>
            </full-stacktrace>
          </exception> <!-- org.openqa.selenium.NoSuchWindowException -->
          <reporter-output>
          </reporter-output>
        </test-method> <!-- main -->
        <test-method is-config="true" signature="getResult(org.testng.ITestResult)[pri:0, instance:planbox.maven.AppTest@7161d8d1]" started-at="2023-03-12T13:38:36 EDT" name="getResult" finished-at="2023-03-12T13:38:36 EDT" duration-ms="0" status="SKIP">
          <reporter-output>
          </reporter-output>
        </test-method> <!-- getResult -->
        <test-method is-config="true" signature="getResult(org.testng.ITestResult)[pri:0, instance:planbox.maven.AppTest@7161d8d1]" started-at="2023-03-12T13:38:36 EDT" name="getResult" finished-at="2023-03-12T13:38:36 EDT" duration-ms="0" status="SKIP">
          <reporter-output>
          </reporter-output>
        </test-method> <!-- getResult -->
        <test-method signature="main(java.lang.String,java.lang.String,java.lang.String,java.lang.String,java.lang.String,java.lang.String)[pri:1, instance:planbox.maven.AppTest@7161d8d1]" started-at="2023-03-12T13:38:36 EDT" name="main" data-provider="URLS" finished-at="2023-03-12T13:38:36 EDT" duration-ms="0" status="SKIP">
          <params>
            <param index="0">
              <value>
                <![CDATA[https://deloitte-sandbox.planbox.com/default/login?signInWithSecretKey=true]]>
              </value>
            </param>
            <param index="1">
              <value>
                <![CDATA[1e7b79e5bf5c471493378ffaafa5e7ce:N3F7L0oqziGFNek1wxQF4wQToHhl7doShoHEeP7DMeLoUtEHs43MIlrdTk81x6YqUENum2KSK3Bnk2KB7tD2FPjj7khe6dxGcSvPKvI32RISMfEW8SIICvTjQ5MK2M1H]]>
              </value>
            </param>
            <param index="2">
              <value>
                <![CDATA[https://deloitte-sandbox.planbox.com/default/challenges]]>
              </value>
            </param>
            <param index="3">
              <value>
                <![CDATA[https://deloitte-sandbox.planbox.com/default/ideas]]>
              </value>
            </param>
            <param index="4">
              <value>
                <![CDATA[https://deloitte-sandbox.planbox.com/default/home/homepage]]>
              </value>
            </param>
            <param index="5">
              <value>
                <![CDATA[Delopte]]>
              </value>
            </param>
          </params>
          <exception class="org.openqa.selenium.NoSuchWindowException">
            <message>
              <![CDATA[no such window: target window already closed
from unknown error: web view not found
  (Session info: chrome=110.0.5481.177)
Build info: version: '4.7.2', revision: '4d4020c3b7'
System info: os.name: 'Mac OS X', os.arch: 'aarch64', os.version: '13.2.1', java.version: '17.0.3'
Driver info: org.openqa.selenium.chrome.ChromeDriver
Command: [eb827ffab403e24ce2972d790a7cc334, screenshot {}]
Capabilities {acceptInsecureCerts: false, browserName: chrome, browserVersion: 110.0.5481.177, chrome: {chromedriverVersion: 110.0.5481.77 (65ed616c6e8e..., userDataDir: /var/folders/9v/ttfw4v0x0ng...}, goog:chromeOptions: {debuggerAddress: localhost:49633}, networkConnectionEnabled: false, pageLoadStrategy: normal, platformName: MAC, proxy: Proxy(), se:cdp: ws://localhost:49633/devtoo..., se:cdpVersion: 110.0.5481.177, setWindowRect: true, strictFileInteractability: false, timeouts: {implicit: 0, pageLoad: 300000, script: 30000}, unhandledPromptBehavior: dismiss and notify, webauthn:extension:credBlob: true, webauthn:extension:largeBlob: true, webauthn:virtualAuthenticators: true}
Session ID: eb827ffab403e24ce2972d790a7cc334]]>
            </message>
            <full-stacktrace>
              <![CDATA[org.openqa.selenium.NoSuchWindowException: no such window: target window already closed
from unknown error: web view not found
  (Session info: chrome=110.0.5481.177)
Build info: version: '4.7.2', revision: '4d4020c3b7'
System info: os.name: 'Mac OS X', os.arch: 'aarch64', os.version: '13.2.1', java.version: '17.0.3'
Driver info: org.openqa.selenium.chrome.ChromeDriver
Command: [eb827ffab403e24ce2972d790a7cc334, screenshot {}]
Capabilities {acceptInsecureCerts: false, browserName: chrome, browserVersion: 110.0.5481.177, chrome: {chromedriverVersion: 110.0.5481.77 (65ed616c6e8e..., userDataDir: /var/folders/9v/ttfw4v0x0ng...}, goog:chromeOptions: {debuggerAddress: localhost:49633}, networkConnectionEnabled: false, pageLoadStrategy: normal, platformName: MAC, proxy: Proxy(), se:cdp: ws://localhost:49633/devtoo..., se:cdpVersion: 110.0.5481.177, setWindowRect: true, strictFileInteractability: false, timeouts: {implicit: 0, pageLoad: 300000, script: 30000}, unhandledPromptBehavior: dismiss and notify, webauthn:extension:credBlob: true, webauthn:extension:largeBlob: true, webauthn:virtualAuthenticators: true}
Session ID: eb827ffab403e24ce2972d790a7cc334
at jdk.internal.reflect.GeneratedConstructorAccessor20.newInstance(Unknown Source)
at java.base/jdk.internal.reflect.DelegatingConstructorAccessorImpl.newInstance(DelegatingConstructorAccessorImpl.java:45)
at java.base/java.lang.reflect.Constructor.newInstanceWithCaller(Constructor.java:499)
at java.base/java.lang.reflect.Constructor.newInstance(Constructor.java:480)
at org.openqa.selenium.remote.codec.w3c.W3CHttpResponseCodec.createException(W3CHttpResponseCodec.java:200)
at org.openqa.selenium.remote.codec.w3c.W3CHttpResponseCodec.decode(W3CHttpResponseCodec.java:133)
at org.openqa.selenium.remote.codec.w3c.W3CHttpResponseCodec.decode(W3CHttpResponseCodec.java:53)
at org.openqa.selenium.remote.HttpCommandExecutor.execute(HttpCommandExecutor.java:184)
at org.openqa.selenium.remote.service.DriverCommandExecutor.invokeExecute(DriverCommandExecutor.java:167)
at org.openqa.selenium.remote.service.DriverCommandExecutor.execute(DriverCommandExecutor.java:142)
at org.openqa.selenium.remote.RemoteWebDriver.execute(RemoteWebDriver.java:535)
at org.openqa.selenium.remote.RemoteWebDriver.execute(RemoteWebDriver.java:590)
at org.openqa.selenium.remote.RemoteWebDriver.execute(RemoteWebDriver.java:594)
at org.openqa.selenium.remote.RemoteWebDriver.getScreenshotAs(RemoteWebDriver.java:317)
at planbox.maven.baseReport.getScreenShot(baseReport.java:148)
at planbox.maven.baseReport.getResult(baseReport.java:169)
at java.base/jdk.internal.reflect.NativeMethodAccessorImpl.invoke0(Native Method)
at java.base/jdk.internal.reflect.NativeMethodAccessorImpl.invoke(NativeMethodAccessorImpl.java:77)
at java.base/jdk.internal.reflect.DelegatingMethodAccessorImpl.invoke(DelegatingMethodAccessorImpl.java:43)
at java.base/java.lang.reflect.Method.invoke(Method.java:568)
at org.testng.internal.invokers.MethodInvocationHelper.invokeMethod(MethodInvocationHelper.java:139)
at org.testng.internal.invokers.MethodInvocationHelper.invokeMethodConsideringTimeout(MethodInvocationHelper.java:69)
at org.testng.internal.invokers.ConfigInvoker.invokeConfigurationMethod(ConfigInvoker.java:361)
at org.testng.internal.invokers.ConfigInvoker.invokeConfigurations(ConfigInvoker.java:296)
at org.testng.internal.invokers.TestInvoker.runConfigMethods(TestInvoker.java:823)
at org.testng.internal.invokers.TestInvoker.runAfterConfigurations(TestInvoker.java:792)
at org.testng.internal.invokers.TestInvoker.invokeMethod(TestInvoker.java:768)
at org.testng.internal.invokers.TestInvoker.invokeTestMethod(TestInvoker.java:221)
at org.testng.internal.invokers.MethodRunner.runInSequence(MethodRunner.java:50)
at org.testng.internal.invokers.TestInvoker$MethodInvocationAgent.invoke(TestInvoker.java:969)
at org.testng.internal.invokers.TestInvoker.invokeTestMethods(TestInvoker.java:194)
at org.testng.internal.invokers.TestMethodWorker.invokeTestMethods(TestMethodWorker.java:148)
at org.testng.internal.invokers.TestMethodWorker.run(TestMethodWorker.java:128)
at java.base/java.util.ArrayList.forEach(ArrayList.java:1511)
at org.testng.TestRunner.privateRun(TestRunner.java:829)
at org.testng.TestRunner.run(TestRunner.java:602)
at org.testng.SuiteRunner.runTest(SuiteRunner.java:437)
at org.testng.SuiteRunner.runSequentially(SuiteRunner.java:431)
at org.testng.SuiteRunner.privateRun(SuiteRunner.java:391)
at org.testng.SuiteRunner.run(SuiteRunner.java:330)
at org.testng.SuiteRunnerWorker.runSuite(SuiteRunnerWorker.java:52)
at org.testng.SuiteRunnerWorker.run(SuiteRunnerWorker.java:95)
at org.testng.TestNG.runSuitesSequentially(TestNG.java:1256)
at org.testng.TestNG.runSuitesLocally(TestNG.java:1176)
at org.testng.TestNG.runSuites(TestNG.java:1099)
at org.testng.TestNG.run(TestNG.java:1067)
at org.testng.remote.AbstractRemoteTestNG.run(AbstractRemoteTestNG.java:115)
at org.testng.remote.RemoteTestNG.initAndRun(RemoteTestNG.java:251)
at org.testng.remote.RemoteTestNG.main(RemoteTestNG.java:77)
]]>
            </full-stacktrace>
          </exception> <!-- org.openqa.selenium.NoSuchWindowException -->
          <reporter-output>
          </reporter-output>
        </test-method> <!-- main -->
        <test-method is-config="true" signature="getResult(org.testng.ITestResult)[pri:0, instance:planbox.maven.AppTest@7161d8d1]" started-at="2023-03-12T13:38:36 EDT" name="getResult" finished-at="2023-03-12T13:38:36 EDT" duration-ms="0" status="SKIP">
          <reporter-output>
          </reporter-output>
        </test-method> <!-- getResult -->
        <test-method is-config="true" signature="tearDown()[pri:0, instance:planbox.maven.AppTest@7161d8d1]" started-at="2023-03-12T13:38:36 EDT" name="tearDown" finished-at="2023-03-12T13:38:36 EDT" duration-ms="229" status="PASS">
          <reporter-output>
          </reporter-output>
        </test-method> <!-- tearDown -->
      </class> <!-- planbox.maven.AppTest -->
    </test> <!-- Default test -->
  </suite> <!-- Default suite -->
</testng-results>
