<?xml version="1.0" encoding="UTF-8"?>
<!-- Generated by org.testng.reporters.JUnitXMLReporter -->
<testsuite ignored="0" hostname="shirins-MacBook-Air.local" failures="0" tests="3" name="Surefire test" time="118.867" errors="0" timestamp="2023-03-15T13:56:55 EDT">
  <testcase classname="planbox.maven.AppTest" name="main" time="50.063"/>
  <testcase classname="planbox.maven.AppTest" name="main" time="36.881"/>
  <testcase classname="planbox.maven.AppTest" name="main" time="28.198"/>
</testsuite> <!-- Surefire test -->
