<?xml version="1.0" encoding="UTF-8"?>
<testng-results ignored="0" total="1" passed="1" failed="0" skipped="0">
  <reporter-output>
  </reporter-output>
  <suite started-at="2023-03-15T14:37:37 EDT" name="Surefire suite" finished-at="2023-03-15T14:38:13 EDT" duration-ms="36296">
    <groups>
    </groups>
    <test started-at="2023-03-15T14:37:37 EDT" name="Surefire test" finished-at="2023-03-15T14:38:13 EDT" duration-ms="36296">
      <class name="planbox.maven.AppTest">
        <test-method is-config="true" signature="setUp()[pri:0, instance:planbox.maven.AppTest@341b80b2]" started-at="2023-03-15T14:37:37 EDT" name="setUp" finished-at="2023-03-15T14:37:40 EDT" duration-ms="2944" status="PASS">
          <reporter-output>
          </reporter-output>
        </test-method> <!-- setUp -->
        <test-method signature="main(java.lang.String,java.lang.String,java.lang.String,java.lang.String,java.lang.String,java.lang.String)[pri:1, instance:planbox.maven.AppTest@341b80b2]" started-at="2023-03-15T14:37:40 EDT" name="main" data-provider="URLS" finished-at="2023-03-15T14:38:13 EDT" duration-ms="32293" status="PASS">
          <params>
            <param index="0">
              <value>
                <![CDATA[https://iconplc.planbox.com/default/login?signinwithsecretkey=true]]>
              </value>
            </param>
            <param index="1">
              <value>
                <![CDATA[1e7b79e5bf5c471493378ffaafa5e7ce:N3F7L0oqziGFNek1wxQF4wQToHhl7doShoHEeP7DMeLoUtEHs43MIlrdTk81x6YqUENum2KSK3Bnk2KB7tD2FPjj7khe6dxGcSvPKvI32RISMfEW8SIICvTjQ5MK2M1H]]>
              </value>
            </param>
            <param index="2">
              <value>
                <![CDATA[https://iconplc.planbox.com/default/challenges]]>
              </value>
            </param>
            <param index="3">
              <value>
                <![CDATA[https://iconplc.planbox.com/default/ideas]]>
              </value>
            </param>
            <param index="4">
              <value>
                <![CDATA[https://iconplc.planbox.com/default/Home/HomePage]]>
              </value>
            </param>
            <param index="5">
              <value>
                <![CDATA[iconplc]]>
              </value>
            </param>
          </params>
          <reporter-output>
          </reporter-output>
        </test-method> <!-- main -->
        <test-method is-config="true" signature="getResult(org.testng.ITestResult)[pri:0, instance:planbox.maven.AppTest@341b80b2]" started-at="2023-03-15T14:38:13 EDT" name="getResult" finished-at="2023-03-15T14:38:13 EDT" duration-ms="2" status="PASS">
          <params>
            <param index="0">
              <value>
                <![CDATA[[TestResult name=main status=SUCCESS method=AppTest.main(java.lang.String,java.lang.String,java.lang.String,java.lang.String,java.lang.String,java.lang.String)[pri:1, instance:planbox.maven.AppTest@341b80b2] output={null}]]]>
              </value>
            </param>
          </params>
          <reporter-output>
          </reporter-output>
        </test-method> <!-- getResult -->
        <test-method is-config="true" signature="tearDown()[pri:0, instance:planbox.maven.AppTest@341b80b2]" started-at="2023-03-15T14:38:13 EDT" name="tearDown" finished-at="2023-03-15T14:38:13 EDT" duration-ms="455" status="PASS">
          <reporter-output>
          </reporter-output>
        </test-method> <!-- tearDown -->
      </class> <!-- planbox.maven.AppTest -->
    </test> <!-- Surefire test -->
  </suite> <!-- Surefire suite -->
</testng-results>
