<?xml version="1.0" encoding="UTF-8"?>
<!-- Generated by org.testng.reporters.JUnitXMLReporter -->
<testsuite ignored="0" hostname="shirins-air.wireless.concordia.ca" failures="1" tests="19" name="Default test" time="45.86" errors="0" timestamp="2023-03-14T10:36:41 EDT">
  <testcase classname="planbox.maven.baseReport" name="@AfterMethod getResult" time="0.005">
    <failure type="org.openqa.selenium.NoSuchWindowException" message="no such window: target window already closed
from unknown error: web view not found
  (Session info: chrome=111.0.5563.64)
Build info: version: &amp;apos;4.7.2&amp;apos;, revision: &amp;apos;4d4020c3b7&amp;apos;
System info: os.name: &amp;apos;Mac OS X&amp;apos;, os.arch: &amp;apos;aarch64&amp;apos;, os.version: &amp;apos;13.2.1&amp;apos;, java.version: &amp;apos;17.0.3&amp;apos;
Driver info: org.openqa.selenium.chrome.ChromeDriver
Command: [f192985d9a6e7b2fa2e00c077f6c710b, screenshot {}]
Capabilities {acceptInsecureCerts: false, browserName: chrome, browserVersion: 111.0.5563.64, chrome: {chromedriverVersion: 111.0.5563.64 (c710e93d5b63..., userDataDir: /var/folders/9v/ttfw4v0x0ng...}, goog:chromeOptions: {debuggerAddress: localhost:56624}, networkConnectionEnabled: false, pageLoadStrategy: normal, platformName: MAC, proxy: Proxy(), se:cdp: ws://localhost:56624/devtoo..., se:cdpVersion: 111.0.5563.64, setWindowRect: true, strictFileInteractability: false, timeouts: {implicit: 0, pageLoad: 300000, script: 30000}, unhandledPromptBehavior: dismiss and notify, webauthn:extension:credBlob: true, webauthn:extension:largeBlob: true, webauthn:extension:minPinLength: true, webauthn:extension:prf: true, webauthn:virtualAuthenticators: true}
Session ID: f192985d9a6e7b2fa2e00c077f6c710b">
      <![CDATA[org.openqa.selenium.NoSuchWindowException: no such window: target window already closed
from unknown error: web view not found
  (Session info: chrome=111.0.5563.64)
Build info: version: '4.7.2', revision: '4d4020c3b7'
System info: os.name: 'Mac OS X', os.arch: 'aarch64', os.version: '13.2.1', java.version: '17.0.3'
Driver info: org.openqa.selenium.chrome.ChromeDriver
Command: [f192985d9a6e7b2fa2e00c077f6c710b, screenshot {}]
Capabilities {acceptInsecureCerts: false, browserName: chrome, browserVersion: 111.0.5563.64, chrome: {chromedriverVersion: 111.0.5563.64 (c710e93d5b63..., userDataDir: /var/folders/9v/ttfw4v0x0ng...}, goog:chromeOptions: {debuggerAddress: localhost:56624}, networkConnectionEnabled: false, pageLoadStrategy: normal, platformName: MAC, proxy: Proxy(), se:cdp: ws://localhost:56624/devtoo..., se:cdpVersion: 111.0.5563.64, setWindowRect: true, strictFileInteractability: false, timeouts: {implicit: 0, pageLoad: 300000, script: 30000}, unhandledPromptBehavior: dismiss and notify, webauthn:extension:credBlob: true, webauthn:extension:largeBlob: true, webauthn:extension:minPinLength: true, webauthn:extension:prf: true, webauthn:virtualAuthenticators: true}
Session ID: f192985d9a6e7b2fa2e00c077f6c710b
at jdk.internal.reflect.GeneratedConstructorAccessor22.newInstance(Unknown Source)
at java.base/jdk.internal.reflect.DelegatingConstructorAccessorImpl.newInstance(DelegatingConstructorAccessorImpl.java:45)
at java.base/java.lang.reflect.Constructor.newInstanceWithCaller(Constructor.java:499)
at java.base/java.lang.reflect.Constructor.newInstance(Constructor.java:480)
at org.openqa.selenium.remote.codec.w3c.W3CHttpResponseCodec.createException(W3CHttpResponseCodec.java:200)
at org.openqa.selenium.remote.codec.w3c.W3CHttpResponseCodec.decode(W3CHttpResponseCodec.java:133)
at org.openqa.selenium.remote.codec.w3c.W3CHttpResponseCodec.decode(W3CHttpResponseCodec.java:53)
at org.openqa.selenium.remote.HttpCommandExecutor.execute(HttpCommandExecutor.java:184)
at org.openqa.selenium.remote.service.DriverCommandExecutor.invokeExecute(DriverCommandExecutor.java:167)
at org.openqa.selenium.remote.service.DriverCommandExecutor.execute(DriverCommandExecutor.java:142)
at org.openqa.selenium.remote.RemoteWebDriver.execute(RemoteWebDriver.java:535)
at org.openqa.selenium.remote.RemoteWebDriver.execute(RemoteWebDriver.java:590)
at org.openqa.selenium.remote.RemoteWebDriver.execute(RemoteWebDriver.java:594)
at org.openqa.selenium.remote.RemoteWebDriver.getScreenshotAs(RemoteWebDriver.java:317)
at planbox.maven.baseReport.getScreenShot(baseReport.java:163)
at planbox.maven.baseReport.getResult(baseReport.java:184)
at java.base/jdk.internal.reflect.NativeMethodAccessorImpl.invoke0(Native Method)
at java.base/jdk.internal.reflect.NativeMethodAccessorImpl.invoke(NativeMethodAccessorImpl.java:77)
at java.base/jdk.internal.reflect.DelegatingMethodAccessorImpl.invoke(DelegatingMethodAccessorImpl.java:43)
at java.base/java.lang.reflect.Method.invoke(Method.java:568)
at org.testng.internal.MethodInvocationHelper.invokeMethod(MethodInvocationHelper.java:133)
at org.testng.internal.MethodInvocationHelper.invokeMethodConsideringTimeout(MethodInvocationHelper.java:62)
at org.testng.internal.ConfigInvoker.invokeConfigurationMethod(ConfigInvoker.java:385)
at org.testng.internal.ConfigInvoker.invokeConfigurations(ConfigInvoker.java:321)
at org.testng.internal.TestInvoker.runConfigMethods(TestInvoker.java:700)
at org.testng.internal.TestInvoker.runAfterGroupsConfigurations(TestInvoker.java:676)
at org.testng.internal.TestInvoker.invokeMethod(TestInvoker.java:660)
at org.testng.internal.TestInvoker.invokeTestMethod(TestInvoker.java:173)
at org.testng.internal.MethodRunner.runInSequence(MethodRunner.java:46)
at org.testng.internal.TestInvoker$MethodInvocationAgent.invoke(TestInvoker.java:824)
at org.testng.internal.TestInvoker.invokeTestMethods(TestInvoker.java:146)
at org.testng.internal.TestMethodWorker.invokeTestMethods(TestMethodWorker.java:146)
at org.testng.internal.TestMethodWorker.run(TestMethodWorker.java:128)
at java.base/java.util.ArrayList.forEach(ArrayList.java:1511)
at org.testng.TestRunner.privateRun(TestRunner.java:794)
at org.testng.TestRunner.run(TestRunner.java:596)
at org.testng.SuiteRunner.runTest(SuiteRunner.java:377)
at org.testng.SuiteRunner.runSequentially(SuiteRunner.java:371)
at org.testng.SuiteRunner.privateRun(SuiteRunner.java:332)
at org.testng.SuiteRunner.run(SuiteRunner.java:276)
at org.testng.SuiteRunnerWorker.runSuite(SuiteRunnerWorker.java:53)
at org.testng.SuiteRunnerWorker.run(SuiteRunnerWorker.java:96)
at org.testng.TestNG.runSuitesSequentially(TestNG.java:1212)
at org.testng.TestNG.runSuitesLocally(TestNG.java:1134)
at org.testng.TestNG.runSuites(TestNG.java:1063)
at org.testng.TestNG.run(TestNG.java:1031)
at org.testng.remote.AbstractRemoteTestNG.run(AbstractRemoteTestNG.java:115)
at org.testng.remote.RemoteTestNG.initAndRun(RemoteTestNG.java:251)
at org.testng.remote.RemoteTestNG.main(RemoteTestNG.java:77)
]]>
    </failure>
  </testcase> <!-- @AfterMethod getResult -->
  <testcase classname="planbox.maven.baseReport" name="@AfterMethod getResult" time="-1.678804600809E9">
    <skipped/>
  </testcase> <!-- @AfterMethod getResult -->
  <testcase classname="planbox.maven.baseReport" name="@AfterMethod getResult" time="-1.678804600813E9">
    <skipped/>
  </testcase> <!-- @AfterMethod getResult -->
  <testcase classname="planbox.maven.baseReport" name="@AfterMethod getResult" time="-1.678804600818E9">
    <skipped/>
  </testcase> <!-- @AfterMethod getResult -->
  <testcase classname="planbox.maven.baseReport" name="@AfterMethod getResult" time="-1.678804600823E9">
    <skipped/>
  </testcase> <!-- @AfterMethod getResult -->
  <testcase classname="planbox.maven.baseReport" name="@AfterMethod getResult" time="-1.678804600828E9">
    <skipped/>
  </testcase> <!-- @AfterMethod getResult -->
  <testcase classname="planbox.maven.baseReport" name="@AfterMethod getResult" time="-1.678804600833E9">
    <skipped/>
  </testcase> <!-- @AfterMethod getResult -->
  <testcase classname="planbox.maven.baseReport" name="@AfterMethod getResult" time="-1.678804600838E9">
    <skipped/>
  </testcase> <!-- @AfterMethod getResult -->
  <testcase classname="planbox.maven.baseReport" name="@AfterMethod getResult" time="-1.678804600842E9">
    <skipped/>
  </testcase> <!-- @AfterMethod getResult -->
  <testcase classname="planbox.maven.baseReport" name="@AfterMethod getResult" time="-1.678804600846E9">
    <skipped/>
  </testcase> <!-- @AfterMethod getResult -->
  <testcase classname="planbox.maven.baseReport" name="@AfterMethod getResult" time="-1.67880460085E9">
    <skipped/>
  </testcase> <!-- @AfterMethod getResult -->
  <testcase classname="planbox.maven.baseReport" name="@AfterMethod getResult" time="-1.678804600853E9">
    <skipped/>
  </testcase> <!-- @AfterMethod getResult -->
  <testcase classname="planbox.maven.baseReport" name="@AfterMethod getResult" time="-1.678804600857E9">
    <skipped/>
  </testcase> <!-- @AfterMethod getResult -->
  <testcase classname="planbox.maven.baseReport" name="@AfterMethod getResult" time="-1.67880460086E9">
    <skipped/>
  </testcase> <!-- @AfterMethod getResult -->
  <testcase classname="planbox.maven.baseReport" name="@AfterMethod getResult" time="-1.678804600864E9">
    <skipped/>
  </testcase> <!-- @AfterMethod getResult -->
  <testcase classname="planbox.maven.baseReport" name="@AfterMethod getResult" time="-1.67880460088E9">
    <skipped/>
  </testcase> <!-- @AfterMethod getResult -->
  <testcase classname="planbox.maven.baseReport" name="@AfterMethod getResult" time="-1.678804600883E9">
    <skipped/>
  </testcase> <!-- @AfterMethod getResult -->
  <testcase classname="planbox.maven.baseReport" name="@AfterMethod getResult" time="-1.678804600887E9">
    <skipped/>
  </testcase> <!-- @AfterMethod getResult -->
  <testcase classname="planbox.maven.baseReport" name="@AfterMethod getResult" time="-1.67880460089E9">
    <skipped/>
  </testcase> <!-- @AfterMethod getResult -->
  <testcase classname="planbox.maven.AppTest" name="main" time="41.85">
    <failure type="org.openqa.selenium.NoSuchWindowException" message="no such window: target window already closed
from unknown error: web view not found
  (Session info: chrome=111.0.5563.64)
Build info: version: &amp;apos;4.7.2&amp;apos;, revision: &amp;apos;4d4020c3b7&amp;apos;
System info: os.name: &amp;apos;Mac OS X&amp;apos;, os.arch: &amp;apos;aarch64&amp;apos;, os.version: &amp;apos;13.2.1&amp;apos;, java.version: &amp;apos;17.0.3&amp;apos;
Driver info: org.openqa.selenium.chrome.ChromeDriver
Command: [f192985d9a6e7b2fa2e00c077f6c710b, get {url=http://cargill.planbox.com/default/ideas}]
Capabilities {acceptInsecureCerts: false, browserName: chrome, browserVersion: 111.0.5563.64, chrome: {chromedriverVersion: 111.0.5563.64 (c710e93d5b63..., userDataDir: /var/folders/9v/ttfw4v0x0ng...}, goog:chromeOptions: {debuggerAddress: localhost:56624}, networkConnectionEnabled: false, pageLoadStrategy: normal, platformName: MAC, proxy: Proxy(), se:cdp: ws://localhost:56624/devtoo..., se:cdpVersion: 111.0.5563.64, setWindowRect: true, strictFileInteractability: false, timeouts: {implicit: 0, pageLoad: 300000, script: 30000}, unhandledPromptBehavior: dismiss and notify, webauthn:extension:credBlob: true, webauthn:extension:largeBlob: true, webauthn:extension:minPinLength: true, webauthn:extension:prf: true, webauthn:virtualAuthenticators: true}
Session ID: f192985d9a6e7b2fa2e00c077f6c710b">
      <![CDATA[org.openqa.selenium.NoSuchWindowException: no such window: target window already closed
from unknown error: web view not found
  (Session info: chrome=111.0.5563.64)
Build info: version: '4.7.2', revision: '4d4020c3b7'
System info: os.name: 'Mac OS X', os.arch: 'aarch64', os.version: '13.2.1', java.version: '17.0.3'
Driver info: org.openqa.selenium.chrome.ChromeDriver
Command: [f192985d9a6e7b2fa2e00c077f6c710b, get {url=http://cargill.planbox.com/default/ideas}]
Capabilities {acceptInsecureCerts: false, browserName: chrome, browserVersion: 111.0.5563.64, chrome: {chromedriverVersion: 111.0.5563.64 (c710e93d5b63..., userDataDir: /var/folders/9v/ttfw4v0x0ng...}, goog:chromeOptions: {debuggerAddress: localhost:56624}, networkConnectionEnabled: false, pageLoadStrategy: normal, platformName: MAC, proxy: Proxy(), se:cdp: ws://localhost:56624/devtoo..., se:cdpVersion: 111.0.5563.64, setWindowRect: true, strictFileInteractability: false, timeouts: {implicit: 0, pageLoad: 300000, script: 30000}, unhandledPromptBehavior: dismiss and notify, webauthn:extension:credBlob: true, webauthn:extension:largeBlob: true, webauthn:extension:minPinLength: true, webauthn:extension:prf: true, webauthn:virtualAuthenticators: true}
Session ID: f192985d9a6e7b2fa2e00c077f6c710b
at jdk.internal.reflect.GeneratedConstructorAccessor22.newInstance(Unknown Source)
at java.base/jdk.internal.reflect.DelegatingConstructorAccessorImpl.newInstance(DelegatingConstructorAccessorImpl.java:45)
at java.base/java.lang.reflect.Constructor.newInstanceWithCaller(Constructor.java:499)
at java.base/java.lang.reflect.Constructor.newInstance(Constructor.java:480)
at org.openqa.selenium.remote.codec.w3c.W3CHttpResponseCodec.createException(W3CHttpResponseCodec.java:200)
at org.openqa.selenium.remote.codec.w3c.W3CHttpResponseCodec.decode(W3CHttpResponseCodec.java:133)
at org.openqa.selenium.remote.codec.w3c.W3CHttpResponseCodec.decode(W3CHttpResponseCodec.java:53)
at org.openqa.selenium.remote.HttpCommandExecutor.execute(HttpCommandExecutor.java:184)
at org.openqa.selenium.remote.service.DriverCommandExecutor.invokeExecute(DriverCommandExecutor.java:167)
at org.openqa.selenium.remote.service.DriverCommandExecutor.execute(DriverCommandExecutor.java:142)
at org.openqa.selenium.remote.RemoteWebDriver.execute(RemoteWebDriver.java:535)
at org.openqa.selenium.remote.RemoteWebDriver.get(RemoteWebDriver.java:296)
at planbox.maven.AppTest.main(AppTest.java:236)
at java.base/jdk.internal.reflect.NativeMethodAccessorImpl.invoke0(Native Method)
at java.base/jdk.internal.reflect.NativeMethodAccessorImpl.invoke(NativeMethodAccessorImpl.java:77)
at java.base/jdk.internal.reflect.DelegatingMethodAccessorImpl.invoke(DelegatingMethodAccessorImpl.java:43)
at java.base/java.lang.reflect.Method.invoke(Method.java:568)
at org.testng.internal.MethodInvocationHelper.invokeMethod(MethodInvocationHelper.java:133)
at org.testng.internal.TestInvoker.invokeMethod(TestInvoker.java:598)
at org.testng.internal.TestInvoker.invokeTestMethod(TestInvoker.java:173)
at org.testng.internal.MethodRunner.runInSequence(MethodRunner.java:46)
at org.testng.internal.TestInvoker$MethodInvocationAgent.invoke(TestInvoker.java:824)
at org.testng.internal.TestInvoker.invokeTestMethods(TestInvoker.java:146)
at org.testng.internal.TestMethodWorker.invokeTestMethods(TestMethodWorker.java:146)
at org.testng.internal.TestMethodWorker.run(TestMethodWorker.java:128)
at java.base/java.util.ArrayList.forEach(ArrayList.java:1511)
at org.testng.TestRunner.privateRun(TestRunner.java:794)
at org.testng.TestRunner.run(TestRunner.java:596)
at org.testng.SuiteRunner.runTest(SuiteRunner.java:377)
at org.testng.SuiteRunner.runSequentially(SuiteRunner.java:371)
at org.testng.SuiteRunner.privateRun(SuiteRunner.java:332)
at org.testng.SuiteRunner.run(SuiteRunner.java:276)
at org.testng.SuiteRunnerWorker.runSuite(SuiteRunnerWorker.java:53)
at org.testng.SuiteRunnerWorker.run(SuiteRunnerWorker.java:96)
at org.testng.TestNG.runSuitesSequentially(TestNG.java:1212)
at org.testng.TestNG.runSuitesLocally(TestNG.java:1134)
at org.testng.TestNG.runSuites(TestNG.java:1063)
at org.testng.TestNG.run(TestNG.java:1031)
at org.testng.remote.AbstractRemoteTestNG.run(AbstractRemoteTestNG.java:115)
at org.testng.remote.RemoteTestNG.initAndRun(RemoteTestNG.java:251)
at org.testng.remote.RemoteTestNG.main(RemoteTestNG.java:77)
]]>
    </failure>
  </testcase> <!-- main -->
  <testcase classname="planbox.maven.AppTest" name="main" time="0.0">
    <skipped/>
  </testcase> <!-- main -->
  <testcase classname="planbox.maven.AppTest" name="main" time="0.0">
    <skipped/>
  </testcase> <!-- main -->
  <testcase classname="planbox.maven.AppTest" name="main" time="0.0">
    <skipped/>
  </testcase> <!-- main -->
  <testcase classname="planbox.maven.AppTest" name="main" time="0.001">
    <skipped/>
  </testcase> <!-- main -->
  <testcase classname="planbox.maven.AppTest" name="main" time="0.0">
    <skipped/>
  </testcase> <!-- main -->
  <testcase classname="planbox.maven.AppTest" name="main" time="0.0">
    <skipped/>
  </testcase> <!-- main -->
  <testcase classname="planbox.maven.AppTest" name="main" time="0.0">
    <skipped/>
  </testcase> <!-- main -->
  <testcase classname="planbox.maven.AppTest" name="main" time="0.0">
    <skipped/>
  </testcase> <!-- main -->
  <testcase classname="planbox.maven.AppTest" name="main" time="0.0">
    <skipped/>
  </testcase> <!-- main -->
  <testcase classname="planbox.maven.AppTest" name="main" time="0.0">
    <skipped/>
  </testcase> <!-- main -->
  <testcase classname="planbox.maven.AppTest" name="main" time="0.0">
    <skipped/>
  </testcase> <!-- main -->
  <testcase classname="planbox.maven.AppTest" name="main" time="0.0">
    <skipped/>
  </testcase> <!-- main -->
  <testcase classname="planbox.maven.AppTest" name="main" time="0.0">
    <skipped/>
  </testcase> <!-- main -->
  <testcase classname="planbox.maven.AppTest" name="main" time="0.0">
    <skipped/>
  </testcase> <!-- main -->
  <testcase classname="planbox.maven.AppTest" name="main" time="0.0">
    <skipped/>
  </testcase> <!-- main -->
  <testcase classname="planbox.maven.AppTest" name="main" time="0.0">
    <skipped/>
  </testcase> <!-- main -->
  <testcase classname="planbox.maven.AppTest" name="main" time="0.0">
    <skipped/>
  </testcase> <!-- main -->
  <testcase classname="planbox.maven.AppTest" name="main" time="0.0">
    <skipped/>
  </testcase> <!-- main -->
</testsuite> <!-- Default test -->
