<?xml version="1.0" encoding="UTF-8"?>
<testng-results ignored="0" total="3" passed="2" failed="1" skipped="0">
  <reporter-output>
  </reporter-output>
  <suite started-at="2023-03-14T18:11:45 EDT" name="Surefire suite" finished-at="2023-03-14T18:13:36 EDT" duration-ms="111164">
    <groups>
    </groups>
    <test started-at="2023-03-14T18:11:45 EDT" name="Surefire test" finished-at="2023-03-14T18:13:36 EDT" duration-ms="111164">
      <class name="planbox.maven.AppTest">
        <test-method is-config="true" signature="setUp()[pri:0, instance:planbox.maven.AppTest@341b80b2]" started-at="2023-03-14T18:11:45 EDT" name="setUp" finished-at="2023-03-14T18:11:47 EDT" duration-ms="2670" status="PASS">
          <reporter-output>
          </reporter-output>
        </test-method> <!-- setUp -->
        <test-method signature="main(java.lang.String,java.lang.String,java.lang.String,java.lang.String,java.lang.String,java.lang.String)[pri:1, instance:planbox.maven.AppTest@341b80b2]" started-at="2023-03-14T18:11:48 EDT" name="main" data-provider="URLS" finished-at="2023-03-14T18:12:21 EDT" duration-ms="32873" status="PASS">
          <params>
            <param index="0">
              <value>
                <![CDATA[http://cargill.planbox.com/default/Login?signInWithSecretKey=true]]>
              </value>
            </param>
            <param index="1">
              <value>
                <![CDATA[1e7b79e5bf5c471493378ffaafa5e7ce:N3F7L0oqziGFNek1wxQF4wQToHhl7doShoHEeP7DMeLoUtEHs43MIlrdTk81x6YqUENum2KSK3Bnk2KB7tD2FPjj7khe6dxGcSvPKvI32RISMfEW8SIICvTjQ5MK2M1H]]>
              </value>
            </param>
            <param index="2">
              <value>
                <![CDATA[http://cargill.planbox.com/default/challenges]]>
              </value>
            </param>
            <param index="3">
              <value>
                <![CDATA[http://cargill.planbox.com/default/ideas]]>
              </value>
            </param>
            <param index="4">
              <value>
                <![CDATA[http://cargill.planbox.com/default/home/homepage]]>
              </value>
            </param>
            <param index="5">
              <value>
                <![CDATA[Cargil]]>
              </value>
            </param>
          </params>
          <reporter-output>
          </reporter-output>
        </test-method> <!-- main -->
        <test-method is-config="true" signature="getResult(org.testng.ITestResult)[pri:0, instance:planbox.maven.AppTest@341b80b2]" started-at="2023-03-14T18:12:21 EDT" name="getResult" finished-at="2023-03-14T18:12:21 EDT" duration-ms="2" status="PASS">
          <params>
            <param index="0">
              <value>
                <![CDATA[[TestResult name=main status=SUCCESS method=AppTest.main(java.lang.String,java.lang.String,java.lang.String,java.lang.String,java.lang.String,java.lang.String)[pri:1, instance:planbox.maven.AppTest@341b80b2] output={null}]]]>
              </value>
            </param>
          </params>
          <reporter-output>
          </reporter-output>
        </test-method> <!-- getResult -->
        <test-method signature="main(java.lang.String,java.lang.String,java.lang.String,java.lang.String,java.lang.String,java.lang.String)[pri:1, instance:planbox.maven.AppTest@341b80b2]" started-at="2023-03-14T18:12:21 EDT" name="main" data-provider="URLS" finished-at="2023-03-14T18:13:05 EDT" duration-ms="44653" status="FAIL">
          <params>
            <param index="0">
              <value>
                <![CDATA[http://dow.planbox.com/default/Login?signInWithSecretKey=true66767]]>
              </value>
            </param>
            <param index="1">
              <value>
                <![CDATA[1e7b79e5bf5c471493378ffaafa5e7ce:N3F7L0oqziGFNek1wxQF4wQToHhl7doShoHEeP7DMeLoUtEHs43MIlrdTk81x6YqUENum2KSK3Bnk2KB7tD2FPjj7khe6dxGcSvPKvI32RISMfEW8SIICvTjQ5MK2M1H]]>
              </value>
            </param>
            <param index="2">
              <value>
                <![CDATA[https://dow.planbox.com/default/challenges]]>
              </value>
            </param>
            <param index="3">
              <value>
                <![CDATA[http://dow.planbox.com/default/ideas]]>
              </value>
            </param>
            <param index="4">
              <value>
                <![CDATA[http://dow.planbox.com/default/home/homepage]]>
              </value>
            </param>
            <param index="5">
              <value>
                <![CDATA[Dow]]>
              </value>
            </param>
          </params>
          <exception class="org.openqa.selenium.TimeoutException">
            <message>
              <![CDATA[Expected condition failed: waiting for visibility of element located by By.xpath: //*[@id='secretkey'] (tried for 20 second(s) with 500 milliseconds interval)
Build info: version: '4.7.2', revision: '4d4020c3b7'
System info: os.name: 'Mac OS X', os.arch: 'aarch64', os.version: '13.2.1', java.version: '18.0.2'
Driver info: org.openqa.selenium.chrome.ChromeDriver
Capabilities {acceptInsecureCerts: false, browserName: chrome, browserVersion: 111.0.5563.64, chrome: {chromedriverVersion: 111.0.5563.64 (c710e93d5b63..., userDataDir: /var/folders/9v/ttfw4v0x0ng...}, goog:chromeOptions: {debuggerAddress: localhost:59586}, networkConnectionEnabled: false, pageLoadStrategy: normal, platformName: MAC, proxy: Proxy(), se:cdp: ws://localhost:59586/devtoo..., se:cdpVersion: 111.0.5563.64, setWindowRect: true, strictFileInteractability: false, timeouts: {implicit: 0, pageLoad: 300000, script: 30000}, unhandledPromptBehavior: dismiss and notify, webauthn:extension:credBlob: true, webauthn:extension:largeBlob: true, webauthn:extension:minPinLength: true, webauthn:extension:prf: true, webauthn:virtualAuthenticators: true}
Session ID: 32080e64b0f9e6342c32a5bc9b4fec4c]]>
            </message>
            <full-stacktrace>
              <![CDATA[org.openqa.selenium.TimeoutException: Expected condition failed: waiting for visibility of element located by By.xpath: //*[@id='secretkey'] (tried for 20 second(s) with 500 milliseconds interval)
Build info: version: '4.7.2', revision: '4d4020c3b7'
System info: os.name: 'Mac OS X', os.arch: 'aarch64', os.version: '13.2.1', java.version: '18.0.2'
Driver info: org.openqa.selenium.chrome.ChromeDriver
Capabilities {acceptInsecureCerts: false, browserName: chrome, browserVersion: 111.0.5563.64, chrome: {chromedriverVersion: 111.0.5563.64 (c710e93d5b63..., userDataDir: /var/folders/9v/ttfw4v0x0ng...}, goog:chromeOptions: {debuggerAddress: localhost:59586}, networkConnectionEnabled: false, pageLoadStrategy: normal, platformName: MAC, proxy: Proxy(), se:cdp: ws://localhost:59586/devtoo..., se:cdpVersion: 111.0.5563.64, setWindowRect: true, strictFileInteractability: false, timeouts: {implicit: 0, pageLoad: 300000, script: 30000}, unhandledPromptBehavior: dismiss and notify, webauthn:extension:credBlob: true, webauthn:extension:largeBlob: true, webauthn:extension:minPinLength: true, webauthn:extension:prf: true, webauthn:virtualAuthenticators: true}
Session ID: 32080e64b0f9e6342c32a5bc9b4fec4c
at org.openqa.selenium.support.ui.WebDriverWait.timeoutException(WebDriverWait.java:87)
at org.openqa.selenium.support.ui.FluentWait.until(FluentWait.java:231)
at planbox.maven.AppTest.main(AppTest.java:138)
at java.base/jdk.internal.reflect.DirectMethodHandleAccessor.invoke(DirectMethodHandleAccessor.java:104)
at java.base/java.lang.reflect.Method.invoke(Method.java:577)
at org.testng.internal.invokers.MethodInvocationHelper.invokeMethod(MethodInvocationHelper.java:139)
at org.testng.internal.invokers.TestInvoker.invokeMethod(TestInvoker.java:677)
at org.testng.internal.invokers.TestInvoker.invokeTestMethod(TestInvoker.java:221)
at org.testng.internal.invokers.MethodRunner.runInSequence(MethodRunner.java:50)
at org.testng.internal.invokers.TestInvoker$MethodInvocationAgent.invoke(TestInvoker.java:969)
at org.testng.internal.invokers.TestInvoker.invokeTestMethods(TestInvoker.java:194)
at org.testng.internal.invokers.TestMethodWorker.invokeTestMethods(TestMethodWorker.java:148)
at org.testng.internal.invokers.TestMethodWorker.run(TestMethodWorker.java:128)
at java.base/java.util.ArrayList.forEach(ArrayList.java:1511)
at org.testng.TestRunner.privateRun(TestRunner.java:829)
at org.testng.TestRunner.run(TestRunner.java:602)
at org.testng.SuiteRunner.runTest(SuiteRunner.java:437)
at org.testng.SuiteRunner.runSequentially(SuiteRunner.java:431)
at org.testng.SuiteRunner.privateRun(SuiteRunner.java:391)
at org.testng.SuiteRunner.run(SuiteRunner.java:330)
at org.testng.SuiteRunnerWorker.runSuite(SuiteRunnerWorker.java:52)
at org.testng.SuiteRunnerWorker.run(SuiteRunnerWorker.java:95)
at org.testng.TestNG.runSuitesSequentially(TestNG.java:1256)
at org.testng.TestNG.runSuitesLocally(TestNG.java:1176)
at org.testng.TestNG.runSuites(TestNG.java:1099)
at org.testng.TestNG.run(TestNG.java:1067)
at org.apache.maven.surefire.testng.TestNGExecutor.run(TestNGExecutor.java:135)
at org.apache.maven.surefire.testng.TestNGDirectoryTestSuite.executeSingleClass(TestNGDirectoryTestSuite.java:112)
at org.apache.maven.surefire.testng.TestNGDirectoryTestSuite.execute(TestNGDirectoryTestSuite.java:99)
at org.apache.maven.surefire.testng.TestNGProvider.invoke(TestNGProvider.java:146)
at org.apache.maven.surefire.booter.ForkedBooter.invokeProviderInSameClassLoader(ForkedBooter.java:384)
at org.apache.maven.surefire.booter.ForkedBooter.runSuitesInProcess(ForkedBooter.java:345)
at org.apache.maven.surefire.booter.ForkedBooter.execute(ForkedBooter.java:126)
at org.apache.maven.surefire.booter.ForkedBooter.main(ForkedBooter.java:418)
]]>
            </full-stacktrace>
          </exception> <!-- org.openqa.selenium.TimeoutException -->
          <reporter-output>
          </reporter-output>
        </test-method> <!-- main -->
        <test-method is-config="true" signature="getResult(org.testng.ITestResult)[pri:0, instance:planbox.maven.AppTest@341b80b2]" started-at="2023-03-14T18:13:05 EDT" name="getResult" finished-at="2023-03-14T18:13:06 EDT" duration-ms="854" status="PASS">
          <params>
            <param index="0">
              <value>
                <![CDATA[[TestResult name=main status=FAILURE method=AppTest.main(java.lang.String,java.lang.String,java.lang.String,java.lang.String,java.lang.String,java.lang.String)[pri:1, instance:planbox.maven.AppTest@341b80b2] output={null}]]]>
              </value>
            </param>
          </params>
          <reporter-output>
          </reporter-output>
        </test-method> <!-- getResult -->
        <test-method signature="main(java.lang.String,java.lang.String,java.lang.String,java.lang.String,java.lang.String,java.lang.String)[pri:1, instance:planbox.maven.AppTest@341b80b2]" started-at="2023-03-14T18:13:06 EDT" name="main" data-provider="URLS" finished-at="2023-03-14T18:13:35 EDT" duration-ms="28981" status="PASS">
          <params>
            <param index="0">
              <value>
                <![CDATA[https://galp.planbox.com/default/Login?signInWithSecretKey=true]]>
              </value>
            </param>
            <param index="1">
              <value>
                <![CDATA[1e7b79e5bf5c471493378ffaafa5e7ce:N3F7L0oqziGFNek1wxQF4wQToHhl7doShoHEeP7DMeLoUtEHs43MIlrdTk81x6YqUENum2KSK3Bnk2KB7tD2FPjj7khe6dxGcSvPKvI32RISMfEW8SIICvTjQ5MK2M1H]]>
              </value>
            </param>
            <param index="2">
              <value>
                <![CDATA[https://galp.planbox.com/default/challenges]]>
              </value>
            </param>
            <param index="3">
              <value>
                <![CDATA[https://galp.planbox.com/default/ideas]]>
              </value>
            </param>
            <param index="4">
              <value>
                <![CDATA[https://galp.planbox.com/default/home/homepage]]>
              </value>
            </param>
            <param index="5">
              <value>
                <![CDATA[Galp]]>
              </value>
            </param>
          </params>
          <reporter-output>
          </reporter-output>
        </test-method> <!-- main -->
        <test-method is-config="true" signature="getResult(org.testng.ITestResult)[pri:0, instance:planbox.maven.AppTest@341b80b2]" started-at="2023-03-14T18:13:35 EDT" name="getResult" finished-at="2023-03-14T18:13:35 EDT" duration-ms="0" status="PASS">
          <params>
            <param index="0">
              <value>
                <![CDATA[[TestResult name=main status=SUCCESS method=AppTest.main(java.lang.String,java.lang.String,java.lang.String,java.lang.String,java.lang.String,java.lang.String)[pri:1, instance:planbox.maven.AppTest@341b80b2] output={null}]]]>
              </value>
            </param>
          </params>
          <reporter-output>
          </reporter-output>
        </test-method> <!-- getResult -->
        <test-method is-config="true" signature="tearDown()[pri:0, instance:planbox.maven.AppTest@341b80b2]" started-at="2023-03-14T18:13:35 EDT" name="tearDown" finished-at="2023-03-14T18:13:36 EDT" duration-ms="435" status="PASS">
          <reporter-output>
          </reporter-output>
        </test-method> <!-- tearDown -->
      </class> <!-- planbox.maven.AppTest -->
    </test> <!-- Surefire test -->
  </suite> <!-- Surefire suite -->
</testng-results>
